2024/12/19 07:21:53 [emerg] 1#1: unknown directive "content_by_lua_block" in /etc/nginx/conf.d/default.conf:30
2024/12/19 07:21:54 [emerg] 1#1: unknown directive "content_by_lua_block" in /etc/nginx/conf.d/default.conf:30
2024/12/19 07:21:55 [emerg] 1#1: unknown directive "content_by_lua_block" in /etc/nginx/conf.d/default.conf:30
2024/12/19 07:21:56 [emerg] 1#1: unknown directive "content_by_lua_block" in /etc/nginx/conf.d/default.conf:30
2024/12/19 07:29:26 [notice] 1#1: using the "epoll" event method
2024/12/19 07:29:26 [notice] 1#1: nginx/1.27.3
2024/12/19 07:29:26 [notice] 1#1: built by gcc 12.2.0 (Debian 12.2.0-14) 
2024/12/19 07:29:26 [notice] 1#1: OS: Linux 5.15.167.4-microsoft-standard-WSL2
2024/12/19 07:29:26 [notice] 1#1: getrlimit(RLIMIT_NOFILE): 1048576:1048576
2024/12/19 07:29:26 [notice] 1#1: start worker processes
2024/12/19 07:29:26 [notice] 1#1: start worker process 29
2024/12/19 07:29:26 [notice] 1#1: start worker process 30
2024/12/19 07:29:26 [notice] 1#1: start worker process 31
2024/12/19 07:29:26 [notice] 1#1: start worker process 32
2024/12/19 07:29:26 [notice] 1#1: start worker process 33
2024/12/19 07:29:26 [notice] 1#1: start worker process 34
2024/12/19 07:29:26 [notice] 1#1: start worker process 35
2024/12/19 07:29:26 [notice] 1#1: start worker process 36
2024/12/19 07:29:26 [notice] 1#1: start worker process 37
2024/12/19 07:29:26 [notice] 1#1: start worker process 38
2024/12/19 07:29:26 [notice] 1#1: start worker process 39
2024/12/19 07:29:26 [notice] 1#1: start worker process 40
2024/12/19 07:34:33 [notice] 1#1: signal 3 (SIGQUIT) received, shutting down
2024/12/19 07:34:33 [notice] 30#30: gracefully shutting down
2024/12/19 07:34:33 [notice] 40#40: gracefully shutting down
2024/12/19 07:34:33 [notice] 29#29: gracefully shutting down
2024/12/19 07:34:33 [notice] 31#31: gracefully shutting down
2024/12/19 07:34:33 [notice] 32#32: gracefully shutting down
2024/12/19 07:34:33 [notice] 33#33: gracefully shutting down
2024/12/19 07:34:33 [notice] 34#34: gracefully shutting down
2024/12/19 07:34:33 [notice] 35#35: gracefully shutting down
2024/12/19 07:34:33 [notice] 37#37: gracefully shutting down
2024/12/19 07:34:33 [notice] 36#36: gracefully shutting down
2024/12/19 07:34:33 [notice] 38#38: gracefully shutting down
2024/12/19 07:34:33 [notice] 39#39: gracefully shutting down
2024/12/19 07:34:33 [notice] 30#30: exiting
2024/12/19 07:34:33 [notice] 40#40: exiting
2024/12/19 07:34:33 [notice] 29#29: exiting
2024/12/19 07:34:33 [notice] 31#31: exiting
2024/12/19 07:34:33 [notice] 32#32: exiting
2024/12/19 07:34:33 [notice] 33#33: exiting
2024/12/19 07:34:33 [notice] 34#34: exiting
2024/12/19 07:34:33 [notice] 35#35: exiting
2024/12/19 07:34:33 [notice] 37#37: exiting
2024/12/19 07:34:33 [notice] 36#36: exiting
2024/12/19 07:34:33 [notice] 38#38: exiting
2024/12/19 07:34:33 [notice] 39#39: exiting
2024/12/19 07:34:33 [notice] 30#30: exit
2024/12/19 07:34:33 [notice] 40#40: exit
2024/12/19 07:34:33 [notice] 29#29: exit
2024/12/19 07:34:33 [notice] 31#31: exit
2024/12/19 07:34:33 [notice] 32#32: exit
2024/12/19 07:34:33 [notice] 33#33: exit
2024/12/19 07:34:33 [notice] 34#34: exit
2024/12/19 07:34:33 [notice] 35#35: exit
2024/12/19 07:34:33 [notice] 37#37: exit
2024/12/19 07:34:33 [notice] 36#36: exit
2024/12/19 07:34:33 [notice] 38#38: exit
2024/12/19 07:34:33 [notice] 39#39: exit
2024/12/19 07:34:33 [notice] 1#1: signal 17 (SIGCHLD) received from 29
2024/12/19 07:34:33 [notice] 1#1: worker process 29 exited with code 0
2024/12/19 07:34:33 [notice] 1#1: worker process 37 exited with code 0
2024/12/19 07:34:33 [notice] 1#1: signal 29 (SIGIO) received
2024/12/19 07:34:33 [notice] 1#1: signal 17 (SIGCHLD) received from 36
2024/12/19 07:34:33 [notice] 1#1: worker process 30 exited with code 0
2024/12/19 07:34:33 [notice] 1#1: worker process 31 exited with code 0
2024/12/19 07:34:33 [notice] 1#1: worker process 32 exited with code 0
2024/12/19 07:34:33 [notice] 1#1: worker process 34 exited with code 0
2024/12/19 07:34:33 [notice] 1#1: worker process 35 exited with code 0
2024/12/19 07:34:33 [notice] 1#1: worker process 36 exited with code 0
2024/12/19 07:34:33 [notice] 1#1: worker process 39 exited with code 0
2024/12/19 07:34:33 [notice] 1#1: signal 29 (SIGIO) received
2024/12/19 07:34:33 [notice] 1#1: signal 17 (SIGCHLD) received from 40
2024/12/19 07:34:33 [notice] 1#1: worker process 33 exited with code 0
2024/12/19 07:34:33 [notice] 1#1: worker process 38 exited with code 0
2024/12/19 07:34:33 [notice] 1#1: worker process 40 exited with code 0
2024/12/19 07:34:33 [notice] 1#1: exit
2024/12/19 07:34:45 [notice] 1#1: using the "epoll" event method
2024/12/19 07:34:45 [notice] 1#1: nginx/1.27.3
2024/12/19 07:34:45 [notice] 1#1: built by gcc 12.2.0 (Debian 12.2.0-14) 
2024/12/19 07:34:45 [notice] 1#1: OS: Linux 5.15.167.4-microsoft-standard-WSL2
2024/12/19 07:34:45 [notice] 1#1: getrlimit(RLIMIT_NOFILE): 1048576:1048576
2024/12/19 07:34:45 [notice] 1#1: start worker processes
2024/12/19 07:34:45 [notice] 1#1: start worker process 30
2024/12/19 07:34:45 [notice] 1#1: start worker process 31
2024/12/19 07:34:45 [notice] 1#1: start worker process 32
2024/12/19 07:34:45 [notice] 1#1: start worker process 33
2024/12/19 07:34:45 [notice] 1#1: start worker process 34
2024/12/19 07:34:45 [notice] 1#1: start worker process 35
2024/12/19 07:34:45 [notice] 1#1: start worker process 36
2024/12/19 07:34:45 [notice] 1#1: start worker process 37
2024/12/19 07:34:45 [notice] 1#1: start worker process 38
2024/12/19 07:34:45 [notice] 1#1: start worker process 39
2024/12/19 07:34:45 [notice] 1#1: start worker process 40
2024/12/19 07:34:45 [notice] 1#1: start worker process 41
2024/12/19 07:36:09 [notice] 1#1: signal 3 (SIGQUIT) received, shutting down
2024/12/19 07:36:09 [notice] 30#30: gracefully shutting down
2024/12/19 07:36:09 [notice] 38#38: gracefully shutting down
2024/12/19 07:36:09 [notice] 33#33: gracefully shutting down
2024/12/19 07:36:09 [notice] 33#33: exiting
2024/12/19 07:36:09 [notice] 31#31: gracefully shutting down
2024/12/19 07:36:09 [notice] 32#32: gracefully shutting down
2024/12/19 07:36:09 [notice] 37#37: gracefully shutting down
2024/12/19 07:36:09 [notice] 34#34: gracefully shutting down
2024/12/19 07:36:09 [notice] 35#35: gracefully shutting down
2024/12/19 07:36:09 [notice] 36#36: gracefully shutting down
2024/12/19 07:36:09 [notice] 39#39: gracefully shutting down
2024/12/19 07:36:09 [notice] 41#41: gracefully shutting down
2024/12/19 07:36:09 [notice] 40#40: gracefully shutting down
2024/12/19 07:36:09 [notice] 30#30: exiting
2024/12/19 07:36:09 [notice] 38#38: exiting
2024/12/19 07:36:09 [notice] 30#30: exit
2024/12/19 07:36:09 [notice] 33#33: exit
2024/12/19 07:36:09 [notice] 31#31: exiting
2024/12/19 07:36:09 [notice] 32#32: exiting
2024/12/19 07:36:09 [notice] 37#37: exiting
2024/12/19 07:36:09 [notice] 34#34: exiting
2024/12/19 07:36:09 [notice] 35#35: exiting
2024/12/19 07:36:09 [notice] 36#36: exiting
2024/12/19 07:36:09 [notice] 39#39: exiting
2024/12/19 07:36:09 [notice] 41#41: exiting
2024/12/19 07:36:09 [notice] 40#40: exiting
2024/12/19 07:36:09 [notice] 38#38: exit
2024/12/19 07:36:09 [notice] 31#31: exit
2024/12/19 07:36:09 [notice] 32#32: exit
2024/12/19 07:36:09 [notice] 37#37: exit
2024/12/19 07:36:09 [notice] 34#34: exit
2024/12/19 07:36:09 [notice] 35#35: exit
2024/12/19 07:36:09 [notice] 36#36: exit
2024/12/19 07:36:09 [notice] 39#39: exit
2024/12/19 07:36:09 [notice] 41#41: exit
2024/12/19 07:36:09 [notice] 40#40: exit
2024/12/19 07:36:09 [notice] 1#1: signal 17 (SIGCHLD) received from 30
2024/12/19 07:36:09 [notice] 1#1: worker process 30 exited with code 0
2024/12/19 07:36:09 [notice] 1#1: worker process 38 exited with code 0
2024/12/19 07:36:09 [notice] 1#1: worker process 41 exited with code 0
2024/12/19 07:36:09 [notice] 1#1: signal 29 (SIGIO) received
2024/12/19 07:36:09 [notice] 1#1: signal 17 (SIGCHLD) received from 38
2024/12/19 07:36:09 [notice] 1#1: signal 17 (SIGCHLD) received from 31
2024/12/19 07:36:09 [notice] 1#1: worker process 31 exited with code 0
2024/12/19 07:36:09 [notice] 1#1: worker process 32 exited with code 0
2024/12/19 07:36:09 [notice] 1#1: worker process 33 exited with code 0
2024/12/19 07:36:09 [notice] 1#1: worker process 34 exited with code 0
2024/12/19 07:36:09 [notice] 1#1: worker process 35 exited with code 0
2024/12/19 07:36:09 [notice] 1#1: worker process 36 exited with code 0
2024/12/19 07:36:09 [notice] 1#1: worker process 37 exited with code 0
2024/12/19 07:36:09 [notice] 1#1: worker process 39 exited with code 0
2024/12/19 07:36:09 [notice] 1#1: worker process 40 exited with code 0
2024/12/19 07:36:09 [notice] 1#1: exit
2024/12/19 07:36:16 [notice] 1#1: using the "epoll" event method
2024/12/19 07:36:16 [notice] 1#1: nginx/1.27.3
2024/12/19 07:36:16 [notice] 1#1: built by gcc 12.2.0 (Debian 12.2.0-14) 
2024/12/19 07:36:16 [notice] 1#1: OS: Linux 5.15.167.4-microsoft-standard-WSL2
2024/12/19 07:36:16 [notice] 1#1: getrlimit(RLIMIT_NOFILE): 1048576:1048576
2024/12/19 07:36:16 [notice] 1#1: start worker processes
2024/12/19 07:36:16 [notice] 1#1: start worker process 29
2024/12/19 07:36:16 [notice] 1#1: start worker process 30
2024/12/19 07:36:16 [notice] 1#1: start worker process 31
2024/12/19 07:36:16 [notice] 1#1: start worker process 32
2024/12/19 07:36:16 [notice] 1#1: start worker process 33
2024/12/19 07:36:16 [notice] 1#1: start worker process 34
2024/12/19 07:36:16 [notice] 1#1: start worker process 35
2024/12/19 07:36:16 [notice] 1#1: start worker process 36
2024/12/19 07:36:16 [notice] 1#1: start worker process 37
2024/12/19 07:36:16 [notice] 1#1: start worker process 38
2024/12/19 07:36:16 [notice] 1#1: start worker process 39
2024/12/19 07:36:16 [notice] 1#1: start worker process 40
2024/12/19 07:41:15 [notice] 1#1: signal 3 (SIGQUIT) received, shutting down
2024/12/19 07:41:15 [notice] 29#29: gracefully shutting down
2024/12/19 07:41:15 [notice] 38#38: gracefully shutting down
2024/12/19 07:41:15 [notice] 30#30: gracefully shutting down
2024/12/19 07:41:15 [notice] 31#31: gracefully shutting down
2024/12/19 07:41:15 [notice] 32#32: gracefully shutting down
2024/12/19 07:41:15 [notice] 33#33: gracefully shutting down
2024/12/19 07:41:15 [notice] 34#34: gracefully shutting down
2024/12/19 07:41:15 [notice] 37#37: gracefully shutting down
2024/12/19 07:41:15 [notice] 35#35: gracefully shutting down
2024/12/19 07:41:15 [notice] 36#36: gracefully shutting down
2024/12/19 07:41:15 [notice] 40#40: gracefully shutting down
2024/12/19 07:41:15 [notice] 39#39: gracefully shutting down
2024/12/19 07:41:15 [notice] 29#29: exiting
2024/12/19 07:41:15 [notice] 38#38: exiting
2024/12/19 07:41:15 [notice] 30#30: exiting
2024/12/19 07:41:15 [notice] 31#31: exiting
2024/12/19 07:41:15 [notice] 32#32: exiting
2024/12/19 07:41:15 [notice] 33#33: exiting
2024/12/19 07:41:15 [notice] 34#34: exiting
2024/12/19 07:41:15 [notice] 37#37: exiting
2024/12/19 07:41:15 [notice] 35#35: exiting
2024/12/19 07:41:15 [notice] 36#36: exiting
2024/12/19 07:41:15 [notice] 40#40: exiting
2024/12/19 07:41:15 [notice] 39#39: exiting
2024/12/19 07:41:15 [notice] 29#29: exit
2024/12/19 07:41:15 [notice] 38#38: exit
2024/12/19 07:41:15 [notice] 30#30: exit
2024/12/19 07:41:15 [notice] 31#31: exit
2024/12/19 07:41:15 [notice] 32#32: exit
2024/12/19 07:41:15 [notice] 33#33: exit
2024/12/19 07:41:15 [notice] 34#34: exit
2024/12/19 07:41:15 [notice] 37#37: exit
2024/12/19 07:41:15 [notice] 35#35: exit
2024/12/19 07:41:15 [notice] 36#36: exit
2024/12/19 07:41:15 [notice] 40#40: exit
2024/12/19 07:41:15 [notice] 39#39: exit
2024/12/19 07:41:15 [notice] 1#1: signal 17 (SIGCHLD) received from 34
2024/12/19 07:41:15 [notice] 1#1: worker process 30 exited with code 0
2024/12/19 07:41:15 [notice] 1#1: worker process 34 exited with code 0
2024/12/19 07:41:15 [notice] 1#1: worker process 35 exited with code 0
2024/12/19 07:41:15 [notice] 1#1: signal 29 (SIGIO) received
2024/12/19 07:41:15 [notice] 1#1: signal 17 (SIGCHLD) received from 36
2024/12/19 07:41:15 [notice] 1#1: worker process 36 exited with code 0
2024/12/19 07:41:15 [notice] 1#1: signal 29 (SIGIO) received
2024/12/19 07:41:15 [notice] 1#1: signal 17 (SIGCHLD) received from 38
2024/12/19 07:41:15 [notice] 1#1: worker process 31 exited with code 0
2024/12/19 07:41:15 [notice] 1#1: worker process 32 exited with code 0
2024/12/19 07:41:15 [notice] 1#1: worker process 38 exited with code 0
2024/12/19 07:41:15 [notice] 1#1: signal 29 (SIGIO) received
2024/12/19 07:41:15 [notice] 1#1: signal 17 (SIGCHLD) received from 37
2024/12/19 07:41:15 [notice] 1#1: worker process 37 exited with code 0
2024/12/19 07:41:15 [notice] 1#1: signal 29 (SIGIO) received
2024/12/19 07:41:15 [notice] 1#1: signal 17 (SIGCHLD) received from 33
2024/12/19 07:41:15 [notice] 1#1: worker process 33 exited with code 0
2024/12/19 07:41:15 [notice] 1#1: signal 29 (SIGIO) received
2024/12/19 07:41:15 [notice] 1#1: signal 17 (SIGCHLD) received from 39
2024/12/19 07:41:15 [notice] 1#1: worker process 29 exited with code 0
2024/12/19 07:41:15 [notice] 1#1: worker process 39 exited with code 0
2024/12/19 07:41:15 [notice] 1#1: worker process 40 exited with code 0
2024/12/19 07:41:15 [notice] 1#1: exit
2024/12/19 07:43:16 [notice] 1#1: using the "epoll" event method
2024/12/19 07:43:16 [notice] 1#1: nginx/1.27.3
2024/12/19 07:43:16 [notice] 1#1: built by gcc 12.2.0 (Debian 12.2.0-14) 
2024/12/19 07:43:16 [notice] 1#1: OS: Linux 5.15.167.4-microsoft-standard-WSL2
2024/12/19 07:43:16 [notice] 1#1: getrlimit(RLIMIT_NOFILE): 1048576:1048576
2024/12/19 07:43:16 [notice] 1#1: start worker processes
2024/12/19 07:43:16 [notice] 1#1: start worker process 29
2024/12/19 07:43:16 [notice] 1#1: start worker process 30
2024/12/19 07:43:16 [notice] 1#1: start worker process 31
2024/12/19 07:43:16 [notice] 1#1: start worker process 32
2024/12/19 07:43:16 [notice] 1#1: start worker process 33
2024/12/19 07:43:16 [notice] 1#1: start worker process 34
2024/12/19 07:43:16 [notice] 1#1: start worker process 35
2024/12/19 07:43:16 [notice] 1#1: start worker process 36
2024/12/19 07:43:16 [notice] 1#1: start worker process 37
2024/12/19 07:43:16 [notice] 1#1: start worker process 38
2024/12/19 07:43:16 [notice] 1#1: start worker process 39
2024/12/19 07:43:16 [notice] 1#1: start worker process 40
2024/12/19 07:44:11 [notice] 1#1: signal 3 (SIGQUIT) received, shutting down
2024/12/19 07:44:11 [notice] 29#29: gracefully shutting down
2024/12/19 07:44:11 [notice] 32#32: gracefully shutting down
2024/12/19 07:44:11 [notice] 31#31: gracefully shutting down
2024/12/19 07:44:11 [notice] 33#33: gracefully shutting down
2024/12/19 07:44:11 [notice] 35#35: gracefully shutting down
2024/12/19 07:44:11 [notice] 35#35: exiting
2024/12/19 07:44:11 [notice] 30#30: gracefully shutting down
2024/12/19 07:44:11 [notice] 38#38: gracefully shutting down
2024/12/19 07:44:11 [notice] 35#35: exit
2024/12/19 07:44:11 [notice] 39#39: gracefully shutting down
2024/12/19 07:44:11 [notice] 40#40: gracefully shutting down
2024/12/19 07:44:11 [notice] 34#34: gracefully shutting down
2024/12/19 07:44:11 [notice] 36#36: gracefully shutting down
2024/12/19 07:44:11 [notice] 37#37: gracefully shutting down
2024/12/19 07:44:11 [notice] 29#29: exiting
2024/12/19 07:44:11 [notice] 32#32: exiting
2024/12/19 07:44:11 [notice] 31#31: exiting
2024/12/19 07:44:11 [notice] 33#33: exiting
2024/12/19 07:44:11 [notice] 30#30: exiting
2024/12/19 07:44:11 [notice] 38#38: exiting
2024/12/19 07:44:11 [notice] 39#39: exiting
2024/12/19 07:44:11 [notice] 40#40: exiting
2024/12/19 07:44:11 [notice] 34#34: exiting
2024/12/19 07:44:11 [notice] 36#36: exiting
2024/12/19 07:44:11 [notice] 37#37: exiting
2024/12/19 07:44:11 [notice] 29#29: exit
2024/12/19 07:44:11 [notice] 32#32: exit
2024/12/19 07:44:11 [notice] 31#31: exit
2024/12/19 07:44:11 [notice] 33#33: exit
2024/12/19 07:44:11 [notice] 30#30: exit
2024/12/19 07:44:11 [notice] 38#38: exit
2024/12/19 07:44:11 [notice] 39#39: exit
2024/12/19 07:44:11 [notice] 40#40: exit
2024/12/19 07:44:11 [notice] 34#34: exit
2024/12/19 07:44:11 [notice] 36#36: exit
2024/12/19 07:44:11 [notice] 37#37: exit
2024/12/19 07:44:11 [notice] 1#1: signal 17 (SIGCHLD) received from 39
2024/12/19 07:44:11 [notice] 1#1: worker process 39 exited with code 0
2024/12/19 07:44:11 [notice] 1#1: signal 29 (SIGIO) received
2024/12/19 07:44:11 [notice] 1#1: signal 17 (SIGCHLD) received from 34
2024/12/19 07:44:11 [notice] 1#1: worker process 30 exited with code 0
2024/12/19 07:44:11 [notice] 1#1: worker process 31 exited with code 0
2024/12/19 07:44:11 [notice] 1#1: worker process 33 exited with code 0
2024/12/19 07:44:11 [notice] 1#1: worker process 34 exited with code 0
2024/12/19 07:44:11 [notice] 1#1: signal 29 (SIGIO) received
2024/12/19 07:44:11 [notice] 1#1: signal 17 (SIGCHLD) received from 32
2024/12/19 07:44:11 [notice] 1#1: worker process 32 exited with code 0
2024/12/19 07:44:11 [notice] 1#1: worker process 36 exited with code 0
2024/12/19 07:44:11 [notice] 1#1: worker process 37 exited with code 0
2024/12/19 07:44:11 [notice] 1#1: worker process 38 exited with code 0
2024/12/19 07:44:11 [notice] 1#1: signal 29 (SIGIO) received
2024/12/19 07:44:11 [notice] 1#1: signal 17 (SIGCHLD) received from 38
2024/12/19 07:44:11 [notice] 1#1: signal 17 (SIGCHLD) received from 35
2024/12/19 07:44:11 [notice] 1#1: worker process 29 exited with code 0
2024/12/19 07:44:11 [notice] 1#1: worker process 35 exited with code 0
2024/12/19 07:44:11 [notice] 1#1: worker process 40 exited with code 0
2024/12/19 07:44:11 [notice] 1#1: exit
2024/12/19 07:44:19 [notice] 1#1: using the "epoll" event method
2024/12/19 07:44:19 [notice] 1#1: nginx/1.27.3
2024/12/19 07:44:19 [notice] 1#1: built by gcc 12.2.0 (Debian 12.2.0-14) 
2024/12/19 07:44:19 [notice] 1#1: OS: Linux 5.15.167.4-microsoft-standard-WSL2
2024/12/19 07:44:19 [notice] 1#1: getrlimit(RLIMIT_NOFILE): 1048576:1048576
2024/12/19 07:44:19 [notice] 1#1: start worker processes
2024/12/19 07:44:19 [notice] 1#1: start worker process 29
2024/12/19 07:44:19 [notice] 1#1: start worker process 30
2024/12/19 07:44:19 [notice] 1#1: start worker process 31
2024/12/19 07:44:19 [notice] 1#1: start worker process 32
2024/12/19 07:44:19 [notice] 1#1: start worker process 33
2024/12/19 07:44:19 [notice] 1#1: start worker process 34
2024/12/19 07:44:19 [notice] 1#1: start worker process 35
2024/12/19 07:44:19 [notice] 1#1: start worker process 36
2024/12/19 07:44:19 [notice] 1#1: start worker process 37
2024/12/19 07:44:19 [notice] 1#1: start worker process 38
2024/12/19 07:44:19 [notice] 1#1: start worker process 39
2024/12/19 07:44:19 [notice] 1#1: start worker process 40
2024/12/19 07:48:39 [notice] 1#1: signal 3 (SIGQUIT) received, shutting down
2024/12/19 07:48:39 [notice] 29#29: gracefully shutting down
2024/12/19 07:48:39 [notice] 31#31: gracefully shutting down
2024/12/19 07:48:39 [notice] 30#30: gracefully shutting down
2024/12/19 07:48:39 [notice] 33#33: gracefully shutting down
2024/12/19 07:48:39 [notice] 36#36: gracefully shutting down
2024/12/19 07:48:39 [notice] 35#35: gracefully shutting down
2024/12/19 07:48:39 [notice] 37#37: gracefully shutting down
2024/12/19 07:48:39 [notice] 32#32: gracefully shutting down
2024/12/19 07:48:39 [notice] 39#39: gracefully shutting down
2024/12/19 07:48:39 [notice] 38#38: gracefully shutting down
2024/12/19 07:48:39 [notice] 34#34: gracefully shutting down
2024/12/19 07:48:39 [notice] 40#40: gracefully shutting down
2024/12/19 07:48:39 [notice] 29#29: exiting
2024/12/19 07:48:39 [notice] 31#31: exiting
2024/12/19 07:48:39 [notice] 30#30: exiting
2024/12/19 07:48:39 [notice] 33#33: exiting
2024/12/19 07:48:39 [notice] 36#36: exiting
2024/12/19 07:48:39 [notice] 35#35: exiting
2024/12/19 07:48:39 [notice] 37#37: exiting
2024/12/19 07:48:39 [notice] 32#32: exiting
2024/12/19 07:48:39 [notice] 39#39: exiting
2024/12/19 07:48:39 [notice] 38#38: exiting
2024/12/19 07:48:39 [notice] 38#38: exit
2024/12/19 07:48:39 [notice] 34#34: exiting
2024/12/19 07:48:39 [notice] 40#40: exiting
2024/12/19 07:48:39 [notice] 29#29: exit
2024/12/19 07:48:39 [notice] 31#31: exit
2024/12/19 07:48:39 [notice] 30#30: exit
2024/12/19 07:48:39 [notice] 33#33: exit
2024/12/19 07:48:39 [notice] 36#36: exit
2024/12/19 07:48:39 [notice] 35#35: exit
2024/12/19 07:48:39 [notice] 37#37: exit
2024/12/19 07:48:39 [notice] 32#32: exit
2024/12/19 07:48:39 [notice] 39#39: exit
2024/12/19 07:48:39 [notice] 34#34: exit
2024/12/19 07:48:39 [notice] 40#40: exit
2024/12/19 07:48:40 [notice] 1#1: signal 17 (SIGCHLD) received from 38
2024/12/19 07:48:40 [notice] 1#1: worker process 30 exited with code 0
2024/12/19 07:48:40 [notice] 1#1: worker process 32 exited with code 0
2024/12/19 07:48:40 [notice] 1#1: worker process 38 exited with code 0
2024/12/19 07:48:40 [notice] 1#1: signal 29 (SIGIO) received
2024/12/19 07:48:40 [notice] 1#1: signal 17 (SIGCHLD) received from 36
2024/12/19 07:48:40 [notice] 1#1: worker process 36 exited with code 0
2024/12/19 07:48:40 [notice] 1#1: signal 29 (SIGIO) received
2024/12/19 07:48:40 [notice] 1#1: signal 17 (SIGCHLD) received from 34
2024/12/19 07:48:40 [notice] 1#1: worker process 29 exited with code 0
2024/12/19 07:48:40 [notice] 1#1: worker process 31 exited with code 0
2024/12/19 07:48:40 [notice] 1#1: worker process 34 exited with code 0
2024/12/19 07:48:40 [notice] 1#1: worker process 35 exited with code 0
2024/12/19 07:48:40 [notice] 1#1: signal 29 (SIGIO) received
2024/12/19 07:48:40 [notice] 1#1: signal 17 (SIGCHLD) received from 35
2024/12/19 07:48:40 [notice] 1#1: signal 17 (SIGCHLD) received from 37
2024/12/19 07:48:40 [notice] 1#1: worker process 33 exited with code 0
2024/12/19 07:48:40 [notice] 1#1: worker process 37 exited with code 0
2024/12/19 07:48:40 [notice] 1#1: worker process 39 exited with code 0
2024/12/19 07:48:40 [notice] 1#1: worker process 40 exited with code 0
2024/12/19 07:48:40 [notice] 1#1: exit
2024/12/19 07:49:32 [notice] 1#1: using the "epoll" event method
2024/12/19 07:49:32 [notice] 1#1: nginx/1.27.3
2024/12/19 07:49:32 [notice] 1#1: built by gcc 12.2.0 (Debian 12.2.0-14) 
2024/12/19 07:49:32 [notice] 1#1: OS: Linux 5.15.167.4-microsoft-standard-WSL2
2024/12/19 07:49:32 [notice] 1#1: getrlimit(RLIMIT_NOFILE): 1048576:1048576
2024/12/19 07:49:32 [notice] 1#1: start worker processes
2024/12/19 07:49:32 [notice] 1#1: start worker process 29
2024/12/19 07:49:32 [notice] 1#1: start worker process 30
2024/12/19 07:49:32 [notice] 1#1: start worker process 31
2024/12/19 07:49:32 [notice] 1#1: start worker process 32
2024/12/19 07:49:32 [notice] 1#1: start worker process 33
2024/12/19 07:49:32 [notice] 1#1: start worker process 34
2024/12/19 07:49:32 [notice] 1#1: start worker process 35
2024/12/19 07:49:32 [notice] 1#1: start worker process 36
2024/12/19 07:49:32 [notice] 1#1: start worker process 37
2024/12/19 07:49:32 [notice] 1#1: start worker process 38
2024/12/19 07:49:32 [notice] 1#1: start worker process 39
2024/12/19 07:49:32 [notice] 1#1: start worker process 40
2024/12/19 07:51:13 [notice] 1#1: signal 3 (SIGQUIT) received, shutting down
2024/12/19 07:51:13 [notice] 31#31: gracefully shutting down
2024/12/19 07:51:13 [notice] 30#30: gracefully shutting down
2024/12/19 07:51:13 [notice] 31#31: exiting
2024/12/19 07:51:13 [notice] 29#29: gracefully shutting down
2024/12/19 07:51:13 [notice] 35#35: gracefully shutting down
2024/12/19 07:51:13 [notice] 32#32: gracefully shutting down
2024/12/19 07:51:13 [notice] 37#37: gracefully shutting down
2024/12/19 07:51:13 [notice] 33#33: gracefully shutting down
2024/12/19 07:51:13 [notice] 36#36: gracefully shutting down
2024/12/19 07:51:13 [notice] 34#34: gracefully shutting down
2024/12/19 07:51:13 [notice] 34#34: exiting
2024/12/19 07:51:13 [notice] 38#38: gracefully shutting down
2024/12/19 07:51:13 [notice] 40#40: gracefully shutting down
2024/12/19 07:51:13 [notice] 39#39: gracefully shutting down
2024/12/19 07:51:13 [notice] 30#30: exiting
2024/12/19 07:51:13 [notice] 31#31: exit
2024/12/19 07:51:13 [notice] 29#29: exiting
2024/12/19 07:51:13 [notice] 35#35: exiting
2024/12/19 07:51:13 [notice] 32#32: exiting
2024/12/19 07:51:13 [notice] 37#37: exiting
2024/12/19 07:51:13 [notice] 33#33: exiting
2024/12/19 07:51:13 [notice] 36#36: exiting
2024/12/19 07:51:13 [notice] 34#34: exit
2024/12/19 07:51:13 [notice] 38#38: exiting
2024/12/19 07:51:13 [notice] 40#40: exiting
2024/12/19 07:51:13 [notice] 39#39: exiting
2024/12/19 07:51:13 [notice] 30#30: exit
2024/12/19 07:51:13 [notice] 29#29: exit
2024/12/19 07:51:13 [notice] 35#35: exit
2024/12/19 07:51:13 [notice] 32#32: exit
2024/12/19 07:51:13 [notice] 37#37: exit
2024/12/19 07:51:13 [notice] 33#33: exit
2024/12/19 07:51:13 [notice] 36#36: exit
2024/12/19 07:51:13 [notice] 38#38: exit
2024/12/19 07:51:13 [notice] 40#40: exit
2024/12/19 07:51:13 [notice] 39#39: exit
2024/12/19 07:51:13 [notice] 1#1: signal 17 (SIGCHLD) received from 31
2024/12/19 07:51:13 [notice] 1#1: worker process 30 exited with code 0
2024/12/19 07:51:13 [notice] 1#1: worker process 31 exited with code 0
2024/12/19 07:51:13 [notice] 1#1: worker process 34 exited with code 0
2024/12/19 07:51:13 [notice] 1#1: signal 29 (SIGIO) received
2024/12/19 07:51:13 [notice] 1#1: signal 17 (SIGCHLD) received from 30
2024/12/19 07:51:13 [notice] 1#1: signal 17 (SIGCHLD) received from 32
2024/12/19 07:51:13 [notice] 1#1: worker process 29 exited with code 0
2024/12/19 07:51:13 [notice] 1#1: worker process 32 exited with code 0
2024/12/19 07:51:13 [notice] 1#1: worker process 33 exited with code 0
2024/12/19 07:51:13 [notice] 1#1: worker process 35 exited with code 0
2024/12/19 07:51:13 [notice] 1#1: worker process 36 exited with code 0
2024/12/19 07:51:13 [notice] 1#1: worker process 37 exited with code 0
2024/12/19 07:51:13 [notice] 1#1: worker process 38 exited with code 0
2024/12/19 07:51:13 [notice] 1#1: worker process 39 exited with code 0
2024/12/19 07:51:13 [notice] 1#1: worker process 40 exited with code 0
2024/12/19 07:51:13 [notice] 1#1: exit
2024/12/19 07:51:19 [notice] 1#1: using the "epoll" event method
2024/12/19 07:51:19 [notice] 1#1: nginx/1.27.3
2024/12/19 07:51:19 [notice] 1#1: built by gcc 12.2.0 (Debian 12.2.0-14) 
2024/12/19 07:51:19 [notice] 1#1: OS: Linux 5.15.167.4-microsoft-standard-WSL2
2024/12/19 07:51:19 [notice] 1#1: getrlimit(RLIMIT_NOFILE): 1048576:1048576
2024/12/19 07:51:19 [notice] 1#1: start worker processes
2024/12/19 07:51:19 [notice] 1#1: start worker process 29
2024/12/19 07:51:19 [notice] 1#1: start worker process 30
2024/12/19 07:51:19 [notice] 1#1: start worker process 31
2024/12/19 07:51:19 [notice] 1#1: start worker process 32
2024/12/19 07:51:19 [notice] 1#1: start worker process 33
2024/12/19 07:51:19 [notice] 1#1: start worker process 34
2024/12/19 07:51:19 [notice] 1#1: start worker process 35
2024/12/19 07:51:19 [notice] 1#1: start worker process 36
2024/12/19 07:51:19 [notice] 1#1: start worker process 37
2024/12/19 07:51:19 [notice] 1#1: start worker process 38
2024/12/19 07:51:19 [notice] 1#1: start worker process 39
2024/12/19 07:51:19 [notice] 1#1: start worker process 40
2024/12/19 07:53:23 [notice] 1#1: signal 3 (SIGQUIT) received, shutting down
2024/12/19 07:53:23 [notice] 29#29: gracefully shutting down
2024/12/19 07:53:23 [notice] 39#39: gracefully shutting down
2024/12/19 07:53:23 [notice] 30#30: gracefully shutting down
2024/12/19 07:53:23 [notice] 31#31: gracefully shutting down
2024/12/19 07:53:23 [notice] 32#32: gracefully shutting down
2024/12/19 07:53:23 [notice] 32#32: exiting
2024/12/19 07:53:23 [notice] 34#34: gracefully shutting down
2024/12/19 07:53:23 [notice] 33#33: gracefully shutting down
2024/12/19 07:53:23 [notice] 36#36: gracefully shutting down
2024/12/19 07:53:23 [notice] 35#35: gracefully shutting down
2024/12/19 07:53:23 [notice] 37#37: gracefully shutting down
2024/12/19 07:53:23 [notice] 38#38: gracefully shutting down
2024/12/19 07:53:23 [notice] 40#40: gracefully shutting down
2024/12/19 07:53:23 [notice] 29#29: exiting
2024/12/19 07:53:23 [notice] 39#39: exiting
2024/12/19 07:53:23 [notice] 30#30: exiting
2024/12/19 07:53:23 [notice] 31#31: exiting
2024/12/19 07:53:23 [notice] 32#32: exit
2024/12/19 07:53:23 [notice] 34#34: exiting
2024/12/19 07:53:23 [notice] 33#33: exiting
2024/12/19 07:53:23 [notice] 36#36: exiting
2024/12/19 07:53:23 [notice] 35#35: exiting
2024/12/19 07:53:23 [notice] 37#37: exiting
2024/12/19 07:53:23 [notice] 38#38: exiting
2024/12/19 07:53:23 [notice] 40#40: exiting
2024/12/19 07:53:23 [notice] 29#29: exit
2024/12/19 07:53:23 [notice] 39#39: exit
2024/12/19 07:53:23 [notice] 30#30: exit
2024/12/19 07:53:23 [notice] 31#31: exit
2024/12/19 07:53:23 [notice] 34#34: exit
2024/12/19 07:53:23 [notice] 33#33: exit
2024/12/19 07:53:23 [notice] 36#36: exit
2024/12/19 07:53:23 [notice] 35#35: exit
2024/12/19 07:53:23 [notice] 37#37: exit
2024/12/19 07:53:23 [notice] 38#38: exit
2024/12/19 07:53:23 [notice] 40#40: exit
2024/12/19 07:53:23 [notice] 1#1: signal 17 (SIGCHLD) received from 32
2024/12/19 07:53:23 [notice] 1#1: worker process 29 exited with code 0
2024/12/19 07:53:23 [notice] 1#1: worker process 31 exited with code 0
2024/12/19 07:53:23 [notice] 1#1: worker process 32 exited with code 0
2024/12/19 07:53:23 [notice] 1#1: worker process 35 exited with code 0
2024/12/19 07:53:23 [notice] 1#1: worker process 38 exited with code 0
2024/12/19 07:53:23 [notice] 1#1: signal 29 (SIGIO) received
2024/12/19 07:53:23 [notice] 1#1: signal 17 (SIGCHLD) received from 29
2024/12/19 07:53:23 [notice] 1#1: signal 17 (SIGCHLD) received from 40
2024/12/19 07:53:23 [notice] 1#1: worker process 40 exited with code 0
2024/12/19 07:53:23 [notice] 1#1: signal 29 (SIGIO) received
2024/12/19 07:53:23 [notice] 1#1: signal 17 (SIGCHLD) received from 37
2024/12/19 07:53:23 [notice] 1#1: worker process 37 exited with code 0
2024/12/19 07:53:23 [notice] 1#1: signal 29 (SIGIO) received
2024/12/19 07:53:23 [notice] 1#1: signal 17 (SIGCHLD) received from 34
2024/12/19 07:53:23 [notice] 1#1: worker process 33 exited with code 0
2024/12/19 07:53:23 [notice] 1#1: worker process 34 exited with code 0
2024/12/19 07:53:23 [notice] 1#1: worker process 36 exited with code 0
2024/12/19 07:53:23 [notice] 1#1: worker process 39 exited with code 0
2024/12/19 07:53:23 [notice] 1#1: signal 29 (SIGIO) received
2024/12/19 07:53:23 [notice] 1#1: signal 17 (SIGCHLD) received from 30
2024/12/19 07:53:23 [notice] 1#1: worker process 30 exited with code 0
2024/12/19 07:53:23 [notice] 1#1: exit
2024/12/19 07:53:29 [notice] 1#1: using the "epoll" event method
2024/12/19 07:53:29 [notice] 1#1: nginx/1.27.3
2024/12/19 07:53:29 [notice] 1#1: built by gcc 12.2.0 (Debian 12.2.0-14) 
2024/12/19 07:53:29 [notice] 1#1: OS: Linux 5.15.167.4-microsoft-standard-WSL2
2024/12/19 07:53:29 [notice] 1#1: getrlimit(RLIMIT_NOFILE): 1048576:1048576
2024/12/19 07:53:29 [notice] 1#1: start worker processes
2024/12/19 07:53:29 [notice] 1#1: start worker process 29
2024/12/19 07:53:29 [notice] 1#1: start worker process 30
2024/12/19 07:53:29 [notice] 1#1: start worker process 31
2024/12/19 07:53:29 [notice] 1#1: start worker process 32
2024/12/19 07:53:29 [notice] 1#1: start worker process 33
2024/12/19 07:53:29 [notice] 1#1: start worker process 34
2024/12/19 07:53:29 [notice] 1#1: start worker process 35
2024/12/19 07:53:29 [notice] 1#1: start worker process 36
2024/12/19 07:53:29 [notice] 1#1: start worker process 37
2024/12/19 07:53:29 [notice] 1#1: start worker process 38
2024/12/19 07:53:29 [notice] 1#1: start worker process 39
2024/12/19 07:53:29 [notice] 1#1: start worker process 40
2024/12/19 07:55:52 [notice] 1#1: signal 3 (SIGQUIT) received, shutting down
2024/12/19 07:55:52 [notice] 30#30: gracefully shutting down
2024/12/19 07:55:52 [notice] 31#31: gracefully shutting down
2024/12/19 07:55:52 [notice] 29#29: gracefully shutting down
2024/12/19 07:55:52 [notice] 32#32: gracefully shutting down
2024/12/19 07:55:52 [notice] 33#33: gracefully shutting down
2024/12/19 07:55:52 [notice] 37#37: gracefully shutting down
2024/12/19 07:55:52 [notice] 34#34: gracefully shutting down
2024/12/19 07:55:52 [notice] 34#34: exiting
2024/12/19 07:55:52 [notice] 36#36: gracefully shutting down
2024/12/19 07:55:52 [notice] 38#38: gracefully shutting down
2024/12/19 07:55:52 [notice] 35#35: gracefully shutting down
2024/12/19 07:55:52 [notice] 40#40: gracefully shutting down
2024/12/19 07:55:52 [notice] 39#39: gracefully shutting down
2024/12/19 07:55:52 [notice] 39#39: exiting
2024/12/19 07:55:52 [notice] 30#30: exiting
2024/12/19 07:55:52 [notice] 31#31: exiting
2024/12/19 07:55:52 [notice] 29#29: exiting
2024/12/19 07:55:52 [notice] 32#32: exiting
2024/12/19 07:55:52 [notice] 33#33: exiting
2024/12/19 07:55:52 [notice] 37#37: exiting
2024/12/19 07:55:52 [notice] 34#34: exit
2024/12/19 07:55:52 [notice] 36#36: exiting
2024/12/19 07:55:52 [notice] 38#38: exiting
2024/12/19 07:55:52 [notice] 35#35: exiting
2024/12/19 07:55:52 [notice] 40#40: exiting
2024/12/19 07:55:52 [notice] 39#39: exit
2024/12/19 07:55:52 [notice] 30#30: exit
2024/12/19 07:55:52 [notice] 31#31: exit
2024/12/19 07:55:52 [notice] 29#29: exit
2024/12/19 07:55:52 [notice] 32#32: exit
2024/12/19 07:55:52 [notice] 33#33: exit
2024/12/19 07:55:52 [notice] 37#37: exit
2024/12/19 07:55:52 [notice] 36#36: exit
2024/12/19 07:55:52 [notice] 38#38: exit
2024/12/19 07:55:52 [notice] 35#35: exit
2024/12/19 07:55:52 [notice] 40#40: exit
2024/12/19 07:55:52 [notice] 1#1: signal 17 (SIGCHLD) received from 39
2024/12/19 07:55:52 [notice] 1#1: worker process 35 exited with code 0
2024/12/19 07:55:52 [notice] 1#1: worker process 39 exited with code 0
2024/12/19 07:55:52 [notice] 1#1: signal 29 (SIGIO) received
2024/12/19 07:55:52 [notice] 1#1: signal 17 (SIGCHLD) received from 32
2024/12/19 07:55:52 [notice] 1#1: worker process 32 exited with code 0
2024/12/19 07:55:52 [notice] 1#1: signal 29 (SIGIO) received
2024/12/19 07:55:52 [notice] 1#1: signal 17 (SIGCHLD) received from 36
2024/12/19 07:55:52 [notice] 1#1: worker process 36 exited with code 0
2024/12/19 07:55:52 [notice] 1#1: signal 29 (SIGIO) received
2024/12/19 07:55:52 [notice] 1#1: signal 17 (SIGCHLD) received from 37
2024/12/19 07:55:52 [notice] 1#1: worker process 30 exited with code 0
2024/12/19 07:55:52 [notice] 1#1: worker process 33 exited with code 0
2024/12/19 07:55:52 [notice] 1#1: worker process 37 exited with code 0
2024/12/19 07:55:52 [notice] 1#1: signal 29 (SIGIO) received
2024/12/19 07:55:52 [notice] 1#1: signal 17 (SIGCHLD) received from 33
2024/12/19 07:55:52 [notice] 1#1: signal 17 (SIGCHLD) received from 40
2024/12/19 07:55:52 [notice] 1#1: worker process 31 exited with code 0
2024/12/19 07:55:52 [notice] 1#1: worker process 40 exited with code 0
2024/12/19 07:55:52 [notice] 1#1: signal 29 (SIGIO) received
2024/12/19 07:55:52 [notice] 1#1: signal 17 (SIGCHLD) received from 29
2024/12/19 07:55:52 [notice] 1#1: worker process 29 exited with code 0
2024/12/19 07:55:52 [notice] 1#1: worker process 34 exited with code 0
2024/12/19 07:55:52 [notice] 1#1: worker process 38 exited with code 0
2024/12/19 07:55:52 [notice] 1#1: exit
2024/12/19 07:56:01 [notice] 1#1: using the "epoll" event method
2024/12/19 07:56:01 [notice] 1#1: nginx/1.27.3
2024/12/19 07:56:01 [notice] 1#1: built by gcc 12.2.0 (Debian 12.2.0-14) 
2024/12/19 07:56:01 [notice] 1#1: OS: Linux 5.15.167.4-microsoft-standard-WSL2
2024/12/19 07:56:01 [notice] 1#1: getrlimit(RLIMIT_NOFILE): 1048576:1048576
2024/12/19 07:56:01 [notice] 1#1: start worker processes
2024/12/19 07:56:01 [notice] 1#1: start worker process 29
2024/12/19 07:56:01 [notice] 1#1: start worker process 30
2024/12/19 07:56:01 [notice] 1#1: start worker process 31
2024/12/19 07:56:01 [notice] 1#1: start worker process 32
2024/12/19 07:56:01 [notice] 1#1: start worker process 33
2024/12/19 07:56:01 [notice] 1#1: start worker process 34
2024/12/19 07:56:01 [notice] 1#1: start worker process 35
2024/12/19 07:56:01 [notice] 1#1: start worker process 36
2024/12/19 07:56:01 [notice] 1#1: start worker process 37
2024/12/19 07:56:01 [notice] 1#1: start worker process 38
2024/12/19 07:56:01 [notice] 1#1: start worker process 39
2024/12/19 07:56:01 [notice] 1#1: start worker process 40
2024/12/19 07:58:09 [notice] 1#1: signal 3 (SIGQUIT) received, shutting down
2024/12/19 07:58:09 [notice] 29#29: gracefully shutting down
2024/12/19 07:58:09 [notice] 31#31: gracefully shutting down
2024/12/19 07:58:09 [notice] 32#32: gracefully shutting down
2024/12/19 07:58:09 [notice] 30#30: gracefully shutting down
2024/12/19 07:58:09 [notice] 34#34: gracefully shutting down
2024/12/19 07:58:09 [notice] 36#36: gracefully shutting down
2024/12/19 07:58:09 [notice] 33#33: gracefully shutting down
2024/12/19 07:58:09 [notice] 35#35: gracefully shutting down
2024/12/19 07:58:09 [notice] 39#39: gracefully shutting down
2024/12/19 07:58:09 [notice] 40#40: gracefully shutting down
2024/12/19 07:58:09 [notice] 37#37: gracefully shutting down
2024/12/19 07:58:09 [notice] 37#37: exiting
2024/12/19 07:58:09 [notice] 38#38: gracefully shutting down
2024/12/19 07:58:09 [notice] 38#38: exiting
2024/12/19 07:58:09 [notice] 29#29: exiting
2024/12/19 07:58:09 [notice] 31#31: exiting
2024/12/19 07:58:09 [notice] 32#32: exiting
2024/12/19 07:58:09 [notice] 30#30: exiting
2024/12/19 07:58:09 [notice] 34#34: exiting
2024/12/19 07:58:09 [notice] 36#36: exiting
2024/12/19 07:58:09 [notice] 33#33: exiting
2024/12/19 07:58:09 [notice] 35#35: exiting
2024/12/19 07:58:09 [notice] 39#39: exiting
2024/12/19 07:58:09 [notice] 40#40: exiting
2024/12/19 07:58:09 [notice] 37#37: exit
2024/12/19 07:58:09 [notice] 38#38: exit
2024/12/19 07:58:09 [notice] 29#29: exit
2024/12/19 07:58:09 [notice] 31#31: exit
2024/12/19 07:58:09 [notice] 32#32: exit
2024/12/19 07:58:09 [notice] 30#30: exit
2024/12/19 07:58:09 [notice] 34#34: exit
2024/12/19 07:58:09 [notice] 36#36: exit
2024/12/19 07:58:09 [notice] 33#33: exit
2024/12/19 07:58:09 [notice] 35#35: exit
2024/12/19 07:58:09 [notice] 39#39: exit
2024/12/19 07:58:09 [notice] 40#40: exit
2024/12/19 07:58:09 [notice] 1#1: signal 17 (SIGCHLD) received from 31
2024/12/19 07:58:09 [notice] 1#1: worker process 29 exited with code 0
2024/12/19 07:58:09 [notice] 1#1: worker process 30 exited with code 0
2024/12/19 07:58:09 [notice] 1#1: worker process 31 exited with code 0
2024/12/19 07:58:09 [notice] 1#1: worker process 32 exited with code 0
2024/12/19 07:58:09 [notice] 1#1: worker process 33 exited with code 0
2024/12/19 07:58:09 [notice] 1#1: worker process 34 exited with code 0
2024/12/19 07:58:09 [notice] 1#1: worker process 35 exited with code 0
2024/12/19 07:58:09 [notice] 1#1: worker process 38 exited with code 0
2024/12/19 07:58:09 [notice] 1#1: worker process 40 exited with code 0
2024/12/19 07:58:09 [notice] 1#1: signal 29 (SIGIO) received
2024/12/19 07:58:09 [notice] 1#1: signal 17 (SIGCHLD) received from 36
2024/12/19 07:58:09 [notice] 1#1: worker process 36 exited with code 0
2024/12/19 07:58:09 [notice] 1#1: signal 29 (SIGIO) received
2024/12/19 07:58:09 [notice] 1#1: signal 17 (SIGCHLD) received from 39
2024/12/19 07:58:09 [notice] 1#1: worker process 37 exited with code 0
2024/12/19 07:58:09 [notice] 1#1: worker process 39 exited with code 0
2024/12/19 07:58:09 [notice] 1#1: exit
2024/12/19 08:01:49 [notice] 1#1: using the "epoll" event method
2024/12/19 08:01:49 [notice] 1#1: nginx/1.27.3
2024/12/19 08:01:49 [notice] 1#1: built by gcc 12.2.0 (Debian 12.2.0-14) 
2024/12/19 08:01:49 [notice] 1#1: OS: Linux 5.15.167.4-microsoft-standard-WSL2
2024/12/19 08:01:49 [notice] 1#1: getrlimit(RLIMIT_NOFILE): 1048576:1048576
2024/12/19 08:01:49 [notice] 1#1: start worker processes
2024/12/19 08:01:49 [notice] 1#1: start worker process 29
2024/12/19 08:01:49 [notice] 1#1: start worker process 30
2024/12/19 08:01:49 [notice] 1#1: start worker process 31
2024/12/19 08:01:49 [notice] 1#1: start worker process 32
2024/12/19 08:01:49 [notice] 1#1: start worker process 33
2024/12/19 08:01:49 [notice] 1#1: start worker process 34
2024/12/19 08:01:49 [notice] 1#1: start worker process 35
2024/12/19 08:01:49 [notice] 1#1: start worker process 36
2024/12/19 08:01:49 [notice] 1#1: start worker process 37
2024/12/19 08:01:49 [notice] 1#1: start worker process 38
2024/12/19 08:01:49 [notice] 1#1: start worker process 39
2024/12/19 08:01:49 [notice] 1#1: start worker process 40
2024/12/19 08:02:15 [notice] 1#1: signal 3 (SIGQUIT) received, shutting down
2024/12/19 08:02:15 [notice] 33#33: gracefully shutting down
2024/12/19 08:02:15 [notice] 38#38: gracefully shutting down
2024/12/19 08:02:15 [notice] 30#30: gracefully shutting down
2024/12/19 08:02:15 [notice] 31#31: gracefully shutting down
2024/12/19 08:02:15 [notice] 34#34: gracefully shutting down
2024/12/19 08:02:15 [notice] 29#29: gracefully shutting down
2024/12/19 08:02:15 [notice] 32#32: gracefully shutting down
2024/12/19 08:02:15 [notice] 37#37: gracefully shutting down
2024/12/19 08:02:15 [notice] 39#39: gracefully shutting down
2024/12/19 08:02:15 [notice] 40#40: gracefully shutting down
2024/12/19 08:02:15 [notice] 35#35: gracefully shutting down
2024/12/19 08:02:15 [notice] 36#36: gracefully shutting down
2024/12/19 08:02:15 [notice] 33#33: exiting
2024/12/19 08:02:15 [notice] 36#36: exiting
2024/12/19 08:02:15 [notice] 38#38: exiting
2024/12/19 08:02:15 [notice] 30#30: exiting
2024/12/19 08:02:15 [notice] 31#31: exiting
2024/12/19 08:02:15 [notice] 34#34: exiting
2024/12/19 08:02:15 [notice] 29#29: exiting
2024/12/19 08:02:15 [notice] 32#32: exiting
2024/12/19 08:02:15 [notice] 37#37: exiting
2024/12/19 08:02:15 [notice] 39#39: exiting
2024/12/19 08:02:15 [notice] 40#40: exiting
2024/12/19 08:02:15 [notice] 35#35: exiting
2024/12/19 08:02:15 [notice] 33#33: exit
2024/12/19 08:02:15 [notice] 36#36: exit
2024/12/19 08:02:15 [notice] 38#38: exit
2024/12/19 08:02:15 [notice] 30#30: exit
2024/12/19 08:02:15 [notice] 31#31: exit
2024/12/19 08:02:15 [notice] 34#34: exit
2024/12/19 08:02:15 [notice] 29#29: exit
2024/12/19 08:02:15 [notice] 32#32: exit
2024/12/19 08:02:15 [notice] 37#37: exit
2024/12/19 08:02:15 [notice] 39#39: exit
2024/12/19 08:02:15 [notice] 40#40: exit
2024/12/19 08:02:15 [notice] 35#35: exit
2024/12/19 08:02:15 [notice] 1#1: signal 17 (SIGCHLD) received from 33
2024/12/19 08:02:15 [notice] 1#1: worker process 29 exited with code 0
2024/12/19 08:02:15 [notice] 1#1: worker process 30 exited with code 0
2024/12/19 08:02:15 [notice] 1#1: worker process 32 exited with code 0
2024/12/19 08:02:15 [notice] 1#1: worker process 33 exited with code 0
2024/12/19 08:02:15 [notice] 1#1: worker process 38 exited with code 0
2024/12/19 08:02:15 [notice] 1#1: worker process 40 exited with code 0
2024/12/19 08:02:15 [notice] 1#1: signal 29 (SIGIO) received
2024/12/19 08:02:15 [notice] 1#1: signal 17 (SIGCHLD) received from 32
2024/12/19 08:02:15 [notice] 1#1: signal 17 (SIGCHLD) received from 39
2024/12/19 08:02:15 [notice] 1#1: worker process 39 exited with code 0
2024/12/19 08:02:15 [notice] 1#1: signal 29 (SIGIO) received
2024/12/19 08:02:15 [notice] 1#1: signal 17 (SIGCHLD) received from 37
2024/12/19 08:02:15 [notice] 1#1: worker process 37 exited with code 0
2024/12/19 08:02:15 [notice] 1#1: signal 29 (SIGIO) received
2024/12/19 08:02:15 [notice] 1#1: signal 17 (SIGCHLD) received from 35
2024/12/19 08:02:15 [notice] 1#1: worker process 31 exited with code 0
2024/12/19 08:02:15 [notice] 1#1: worker process 35 exited with code 0
2024/12/19 08:02:15 [notice] 1#1: signal 29 (SIGIO) received
2024/12/19 08:02:15 [notice] 1#1: signal 17 (SIGCHLD) received from 36
2024/12/19 08:02:15 [notice] 1#1: worker process 36 exited with code 0
2024/12/19 08:02:15 [notice] 1#1: signal 29 (SIGIO) received
2024/12/19 08:02:15 [notice] 1#1: signal 17 (SIGCHLD) received from 34
2024/12/19 08:02:15 [notice] 1#1: worker process 34 exited with code 0
2024/12/19 08:02:15 [notice] 1#1: exit
2024/12/19 08:02:21 [notice] 1#1: using the "epoll" event method
2024/12/19 08:02:21 [notice] 1#1: nginx/1.27.3
2024/12/19 08:02:21 [notice] 1#1: built by gcc 12.2.0 (Debian 12.2.0-14) 
2024/12/19 08:02:21 [notice] 1#1: OS: Linux 5.15.167.4-microsoft-standard-WSL2
2024/12/19 08:02:21 [notice] 1#1: getrlimit(RLIMIT_NOFILE): 1048576:1048576
2024/12/19 08:02:21 [notice] 1#1: start worker processes
2024/12/19 08:02:21 [notice] 1#1: start worker process 29
2024/12/19 08:02:21 [notice] 1#1: start worker process 30
2024/12/19 08:02:21 [notice] 1#1: start worker process 31
2024/12/19 08:02:21 [notice] 1#1: start worker process 32
2024/12/19 08:02:21 [notice] 1#1: start worker process 33
2024/12/19 08:02:21 [notice] 1#1: start worker process 34
2024/12/19 08:02:21 [notice] 1#1: start worker process 35
2024/12/19 08:02:21 [notice] 1#1: start worker process 36
2024/12/19 08:02:21 [notice] 1#1: start worker process 37
2024/12/19 08:02:21 [notice] 1#1: start worker process 38
2024/12/19 08:02:21 [notice] 1#1: start worker process 39
2024/12/19 08:02:21 [notice] 1#1: start worker process 40
2024/12/19 08:03:12 [notice] 1#1: signal 3 (SIGQUIT) received, shutting down
2024/12/19 08:03:12 [notice] 29#29: gracefully shutting down
2024/12/19 08:03:12 [notice] 32#32: gracefully shutting down
2024/12/19 08:03:12 [notice] 30#30: gracefully shutting down
2024/12/19 08:03:12 [notice] 31#31: gracefully shutting down
2024/12/19 08:03:12 [notice] 33#33: gracefully shutting down
2024/12/19 08:03:12 [notice] 35#35: gracefully shutting down
2024/12/19 08:03:12 [notice] 34#34: gracefully shutting down
2024/12/19 08:03:12 [notice] 40#40: gracefully shutting down
2024/12/19 08:03:12 [notice] 37#37: gracefully shutting down
2024/12/19 08:03:12 [notice] 39#39: gracefully shutting down
2024/12/19 08:03:12 [notice] 36#36: gracefully shutting down
2024/12/19 08:03:12 [notice] 38#38: gracefully shutting down
2024/12/19 08:03:12 [notice] 29#29: exiting
2024/12/19 08:03:12 [notice] 32#32: exiting
2024/12/19 08:03:12 [notice] 30#30: exiting
2024/12/19 08:03:12 [notice] 31#31: exiting
2024/12/19 08:03:12 [notice] 33#33: exiting
2024/12/19 08:03:12 [notice] 35#35: exiting
2024/12/19 08:03:12 [notice] 34#34: exiting
2024/12/19 08:03:12 [notice] 40#40: exiting
2024/12/19 08:03:12 [notice] 37#37: exiting
2024/12/19 08:03:12 [notice] 39#39: exiting
2024/12/19 08:03:12 [notice] 36#36: exiting
2024/12/19 08:03:12 [notice] 38#38: exiting
2024/12/19 08:03:12 [notice] 29#29: exit
2024/12/19 08:03:12 [notice] 32#32: exit
2024/12/19 08:03:12 [notice] 30#30: exit
2024/12/19 08:03:12 [notice] 31#31: exit
2024/12/19 08:03:12 [notice] 33#33: exit
2024/12/19 08:03:12 [notice] 35#35: exit
2024/12/19 08:03:12 [notice] 34#34: exit
2024/12/19 08:03:12 [notice] 40#40: exit
2024/12/19 08:03:12 [notice] 37#37: exit
2024/12/19 08:03:12 [notice] 39#39: exit
2024/12/19 08:03:12 [notice] 36#36: exit
2024/12/19 08:03:12 [notice] 38#38: exit
2024/12/19 08:03:12 [notice] 1#1: signal 17 (SIGCHLD) received from 39
2024/12/19 08:03:12 [notice] 1#1: worker process 39 exited with code 0
2024/12/19 08:03:12 [notice] 1#1: signal 29 (SIGIO) received
2024/12/19 08:03:13 [notice] 1#1: signal 17 (SIGCHLD) received from 36
2024/12/19 08:03:13 [notice] 1#1: worker process 33 exited with code 0
2024/12/19 08:03:13 [notice] 1#1: worker process 36 exited with code 0
2024/12/19 08:03:13 [notice] 1#1: signal 29 (SIGIO) received
2024/12/19 08:03:13 [notice] 1#1: signal 17 (SIGCHLD) received from 32
2024/12/19 08:03:13 [notice] 1#1: worker process 29 exited with code 0
2024/12/19 08:03:13 [notice] 1#1: worker process 32 exited with code 0
2024/12/19 08:03:13 [notice] 1#1: worker process 34 exited with code 0
2024/12/19 08:03:13 [notice] 1#1: signal 29 (SIGIO) received
2024/12/19 08:03:13 [notice] 1#1: signal 17 (SIGCHLD) received from 35
2024/12/19 08:03:13 [notice] 1#1: worker process 35 exited with code 0
2024/12/19 08:03:13 [notice] 1#1: signal 29 (SIGIO) received
2024/12/19 08:03:13 [notice] 1#1: signal 17 (SIGCHLD) received from 31
2024/12/19 08:03:13 [notice] 1#1: worker process 31 exited with code 0
2024/12/19 08:03:13 [notice] 1#1: worker process 40 exited with code 0
2024/12/19 08:03:13 [notice] 1#1: signal 29 (SIGIO) received
2024/12/19 08:03:13 [notice] 1#1: signal 17 (SIGCHLD) received from 37
2024/12/19 08:03:13 [notice] 1#1: worker process 30 exited with code 0
2024/12/19 08:03:13 [notice] 1#1: worker process 37 exited with code 0
2024/12/19 08:03:13 [notice] 1#1: worker process 38 exited with code 0
2024/12/19 08:03:13 [notice] 1#1: exit
2024/12/19 08:05:25 [notice] 1#1: using the "epoll" event method
2024/12/19 08:05:25 [notice] 1#1: nginx/1.27.3
2024/12/19 08:05:25 [notice] 1#1: built by gcc 12.2.0 (Debian 12.2.0-14) 
2024/12/19 08:05:25 [notice] 1#1: OS: Linux 5.15.167.4-microsoft-standard-WSL2
2024/12/19 08:05:25 [notice] 1#1: getrlimit(RLIMIT_NOFILE): 1048576:1048576
2024/12/19 08:05:25 [notice] 1#1: start worker processes
2024/12/19 08:05:25 [notice] 1#1: start worker process 30
2024/12/19 08:05:25 [notice] 1#1: start worker process 31
2024/12/19 08:05:25 [notice] 1#1: start worker process 32
2024/12/19 08:05:25 [notice] 1#1: start worker process 33
2024/12/19 08:05:25 [notice] 1#1: start worker process 34
2024/12/19 08:05:25 [notice] 1#1: start worker process 35
2024/12/19 08:05:25 [notice] 1#1: start worker process 36
2024/12/19 08:05:25 [notice] 1#1: start worker process 37
2024/12/19 08:05:25 [notice] 1#1: start worker process 38
2024/12/19 08:05:25 [notice] 1#1: start worker process 39
2024/12/19 08:05:25 [notice] 1#1: start worker process 40
2024/12/19 08:05:25 [notice] 1#1: start worker process 41
2024/12/19 08:06:42 [notice] 1#1: signal 3 (SIGQUIT) received, shutting down
2024/12/19 08:06:42 [notice] 30#30: gracefully shutting down
2024/12/19 08:06:42 [notice] 32#32: gracefully shutting down
2024/12/19 08:06:42 [notice] 31#31: gracefully shutting down
2024/12/19 08:06:42 [notice] 33#33: gracefully shutting down
2024/12/19 08:06:42 [notice] 34#34: gracefully shutting down
2024/12/19 08:06:42 [notice] 36#36: gracefully shutting down
2024/12/19 08:06:42 [notice] 37#37: gracefully shutting down
2024/12/19 08:06:42 [notice] 35#35: gracefully shutting down
2024/12/19 08:06:42 [notice] 39#39: gracefully shutting down
2024/12/19 08:06:42 [notice] 35#35: exiting
2024/12/19 08:06:42 [notice] 30#30: exiting
2024/12/19 08:06:42 [notice] 40#40: gracefully shutting down
2024/12/19 08:06:42 [notice] 38#38: gracefully shutting down
2024/12/19 08:06:42 [notice] 41#41: gracefully shutting down
2024/12/19 08:06:42 [notice] 32#32: exiting
2024/12/19 08:06:42 [notice] 31#31: exiting
2024/12/19 08:06:42 [notice] 33#33: exiting
2024/12/19 08:06:42 [notice] 34#34: exiting
2024/12/19 08:06:42 [notice] 34#34: exit
2024/12/19 08:06:42 [notice] 36#36: exiting
2024/12/19 08:06:42 [notice] 37#37: exiting
2024/12/19 08:06:42 [notice] 39#39: exiting
2024/12/19 08:06:42 [notice] 35#35: exit
2024/12/19 08:06:42 [notice] 30#30: exit
2024/12/19 08:06:42 [notice] 40#40: exiting
2024/12/19 08:06:42 [notice] 38#38: exiting
2024/12/19 08:06:42 [notice] 41#41: exiting
2024/12/19 08:06:42 [notice] 32#32: exit
2024/12/19 08:06:42 [notice] 31#31: exit
2024/12/19 08:06:42 [notice] 33#33: exit
2024/12/19 08:06:42 [notice] 36#36: exit
2024/12/19 08:06:42 [notice] 37#37: exit
2024/12/19 08:06:42 [notice] 39#39: exit
2024/12/19 08:06:42 [notice] 40#40: exit
2024/12/19 08:06:42 [notice] 38#38: exit
2024/12/19 08:06:42 [notice] 41#41: exit
2024/12/19 08:06:42 [notice] 1#1: signal 17 (SIGCHLD) received from 30
2024/12/19 08:06:42 [notice] 1#1: worker process 30 exited with code 0
2024/12/19 08:06:42 [notice] 1#1: worker process 39 exited with code 0
2024/12/19 08:06:42 [notice] 1#1: signal 29 (SIGIO) received
2024/12/19 08:06:42 [notice] 1#1: signal 17 (SIGCHLD) received from 34
2024/12/19 08:06:42 [notice] 1#1: worker process 32 exited with code 0
2024/12/19 08:06:42 [notice] 1#1: worker process 34 exited with code 0
2024/12/19 08:06:42 [notice] 1#1: worker process 37 exited with code 0
2024/12/19 08:06:42 [notice] 1#1: signal 29 (SIGIO) received
2024/12/19 08:06:42 [notice] 1#1: signal 17 (SIGCHLD) received from 32
2024/12/19 08:06:42 [notice] 1#1: signal 17 (SIGCHLD) received from 31
2024/12/19 08:06:42 [notice] 1#1: worker process 31 exited with code 0
2024/12/19 08:06:42 [notice] 1#1: worker process 33 exited with code 0
2024/12/19 08:06:42 [notice] 1#1: worker process 35 exited with code 0
2024/12/19 08:06:42 [notice] 1#1: worker process 36 exited with code 0
2024/12/19 08:06:42 [notice] 1#1: worker process 38 exited with code 0
2024/12/19 08:06:42 [notice] 1#1: worker process 40 exited with code 0
2024/12/19 08:06:42 [notice] 1#1: signal 29 (SIGIO) received
2024/12/19 08:06:42 [notice] 1#1: signal 17 (SIGCHLD) received from 40
2024/12/19 08:06:42 [notice] 1#1: signal 17 (SIGCHLD) received from 41
2024/12/19 08:06:42 [notice] 1#1: worker process 41 exited with code 0
2024/12/19 08:06:42 [notice] 1#1: exit
2024/12/19 08:08:59 [notice] 1#1: using the "epoll" event method
2024/12/19 08:08:59 [notice] 1#1: nginx/1.27.3
2024/12/19 08:08:59 [notice] 1#1: built by gcc 12.2.0 (Debian 12.2.0-14) 
2024/12/19 08:08:59 [notice] 1#1: OS: Linux 5.15.167.4-microsoft-standard-WSL2
2024/12/19 08:08:59 [notice] 1#1: getrlimit(RLIMIT_NOFILE): 1048576:1048576
2024/12/19 08:08:59 [notice] 1#1: start worker processes
2024/12/19 08:08:59 [notice] 1#1: start worker process 29
2024/12/19 08:08:59 [notice] 1#1: start worker process 30
2024/12/19 08:08:59 [notice] 1#1: start worker process 31
2024/12/19 08:08:59 [notice] 1#1: start worker process 32
2024/12/19 08:08:59 [notice] 1#1: start worker process 33
2024/12/19 08:08:59 [notice] 1#1: start worker process 34
2024/12/19 08:08:59 [notice] 1#1: start worker process 35
2024/12/19 08:08:59 [notice] 1#1: start worker process 36
2024/12/19 08:08:59 [notice] 1#1: start worker process 37
2024/12/19 08:08:59 [notice] 1#1: start worker process 38
2024/12/19 08:08:59 [notice] 1#1: start worker process 39
2024/12/19 08:08:59 [notice] 1#1: start worker process 40
2024/12/19 08:09:37 [notice] 1#1: signal 3 (SIGQUIT) received, shutting down
2024/12/19 08:09:37 [notice] 29#29: gracefully shutting down
2024/12/19 08:09:37 [notice] 30#30: gracefully shutting down
2024/12/19 08:09:37 [notice] 31#31: gracefully shutting down
2024/12/19 08:09:37 [notice] 33#33: gracefully shutting down
2024/12/19 08:09:37 [notice] 32#32: gracefully shutting down
2024/12/19 08:09:37 [notice] 34#34: gracefully shutting down
2024/12/19 08:09:37 [notice] 37#37: gracefully shutting down
2024/12/19 08:09:37 [notice] 39#39: gracefully shutting down
2024/12/19 08:09:37 [notice] 38#38: gracefully shutting down
2024/12/19 08:09:37 [notice] 36#36: gracefully shutting down
2024/12/19 08:09:37 [notice] 36#36: exiting
2024/12/19 08:09:37 [notice] 35#35: gracefully shutting down
2024/12/19 08:09:37 [notice] 40#40: gracefully shutting down
2024/12/19 08:09:37 [notice] 30#30: exiting
2024/12/19 08:09:37 [notice] 40#40: exiting
2024/12/19 08:09:37 [notice] 31#31: exiting
2024/12/19 08:09:37 [notice] 33#33: exiting
2024/12/19 08:09:37 [notice] 32#32: exiting
2024/12/19 08:09:37 [notice] 34#34: exiting
2024/12/19 08:09:37 [notice] 37#37: exiting
2024/12/19 08:09:37 [notice] 39#39: exiting
2024/12/19 08:09:37 [notice] 38#38: exiting
2024/12/19 08:09:37 [notice] 36#36: exit
2024/12/19 08:09:37 [notice] 35#35: exiting
2024/12/19 08:09:37 [notice] 30#30: exit
2024/12/19 08:09:37 [notice] 40#40: exit
2024/12/19 08:09:37 [notice] 31#31: exit
2024/12/19 08:09:37 [notice] 33#33: exit
2024/12/19 08:09:37 [notice] 32#32: exit
2024/12/19 08:09:37 [notice] 34#34: exit
2024/12/19 08:09:37 [notice] 37#37: exit
2024/12/19 08:09:37 [notice] 39#39: exit
2024/12/19 08:09:37 [notice] 38#38: exit
2024/12/19 08:09:37 [notice] 35#35: exit
2024/12/19 08:09:38 [notice] 1#1: signal 17 (SIGCHLD) received from 36
2024/12/19 08:09:38 [notice] 1#1: worker process 36 exited with code 0
2024/12/19 08:09:38 [notice] 1#1: signal 29 (SIGIO) received
2024/12/19 08:09:38 [notice] 1#1: signal 17 (SIGCHLD) received from 37
2024/12/19 08:09:38 [notice] 1#1: worker process 30 exited with code 0
2024/12/19 08:09:38 [notice] 1#1: worker process 32 exited with code 0
2024/12/19 08:09:38 [notice] 1#1: worker process 37 exited with code 0
2024/12/19 08:09:38 [notice] 1#1: worker process 39 exited with code 0
2024/12/19 08:09:38 [notice] 1#1: signal 29 (SIGIO) received
2024/12/19 08:09:38 [notice] 1#1: signal 17 (SIGCHLD) received from 32
2024/12/19 08:09:38 [notice] 1#1: signal 17 (SIGCHLD) received from 40
2024/12/19 08:09:38 [notice] 1#1: worker process 33 exited with code 0
2024/12/19 08:09:38 [notice] 1#1: worker process 35 exited with code 0
2024/12/19 08:09:38 [notice] 1#1: worker process 40 exited with code 0
2024/12/19 08:09:38 [notice] 1#1: signal 29 (SIGIO) received
2024/12/19 08:09:38 [notice] 1#1: signal 17 (SIGCHLD) received from 33
2024/12/19 08:09:38 [notice] 1#1: signal 17 (SIGCHLD) received from 38
2024/12/19 08:09:38 [notice] 1#1: worker process 38 exited with code 0
2024/12/19 08:09:38 [notice] 1#1: signal 29 (SIGIO) received
2024/12/19 08:09:38 [notice] 1#1: signal 17 (SIGCHLD) received from 34
2024/12/19 08:09:38 [notice] 1#1: worker process 31 exited with code 0
2024/12/19 08:09:38 [notice] 1#1: worker process 34 exited with code 0
2024/12/19 08:09:38 [notice] 1#1: signal 29 (SIGIO) received
2024/12/19 08:09:40 [notice] 29#29: exiting
2024/12/19 08:09:40 [notice] 29#29: exit
2024/12/19 08:09:40 [notice] 1#1: signal 17 (SIGCHLD) received from 29
2024/12/19 08:09:40 [notice] 1#1: worker process 29 exited with code 0
2024/12/19 08:09:40 [notice] 1#1: exit
2024/12/19 08:50:32 [notice] 1#1: using the "epoll" event method
2024/12/19 08:50:32 [notice] 1#1: nginx/1.27.3
2024/12/19 08:50:32 [notice] 1#1: built by gcc 12.2.0 (Debian 12.2.0-14) 
2024/12/19 08:50:32 [notice] 1#1: OS: Linux 5.15.167.4-microsoft-standard-WSL2
2024/12/19 08:50:32 [notice] 1#1: getrlimit(RLIMIT_NOFILE): 1048576:1048576
2024/12/19 08:50:32 [notice] 1#1: start worker processes
2024/12/19 08:50:32 [notice] 1#1: start worker process 29
2024/12/19 08:50:32 [notice] 1#1: start worker process 30
2024/12/19 08:50:32 [notice] 1#1: start worker process 31
2024/12/19 08:50:32 [notice] 1#1: start worker process 32
2024/12/19 08:50:32 [notice] 1#1: start worker process 33
2024/12/19 08:50:32 [notice] 1#1: start worker process 34
2024/12/19 08:50:32 [notice] 1#1: start worker process 35
2024/12/19 08:50:32 [notice] 1#1: start worker process 36
2024/12/19 08:50:32 [notice] 1#1: start worker process 37
2024/12/19 08:50:32 [notice] 1#1: start worker process 38
2024/12/19 08:50:32 [notice] 1#1: start worker process 39
2024/12/19 08:50:32 [notice] 1#1: start worker process 40
2024/12/19 14:03:42 [notice] 1#1: using the "epoll" event method
2024/12/19 14:03:42 [notice] 1#1: nginx/1.27.3
2024/12/19 14:03:42 [notice] 1#1: built by gcc 12.2.0 (Debian 12.2.0-14) 
2024/12/19 14:03:42 [notice] 1#1: OS: Linux 5.15.167.4-microsoft-standard-WSL2
2024/12/19 14:03:42 [notice] 1#1: getrlimit(RLIMIT_NOFILE): 1048576:1048576
2024/12/19 14:03:42 [notice] 1#1: start worker processes
2024/12/19 14:03:42 [notice] 1#1: start worker process 22
2024/12/19 14:03:42 [notice] 1#1: start worker process 23
2024/12/19 14:03:42 [notice] 1#1: start worker process 24
2024/12/19 14:03:42 [notice] 1#1: start worker process 25
2024/12/19 14:03:42 [notice] 1#1: start worker process 26
2024/12/19 14:03:42 [notice] 1#1: start worker process 27
2024/12/19 14:03:42 [notice] 1#1: start worker process 28
2024/12/19 14:03:42 [notice] 1#1: start worker process 29
2024/12/19 14:03:42 [notice] 1#1: start worker process 30
2024/12/19 14:03:42 [notice] 1#1: start worker process 31
2024/12/19 14:03:42 [notice] 1#1: start worker process 32
2024/12/19 14:03:42 [notice] 1#1: start worker process 33
2024/12/19 14:03:54 [notice] 1#1: signal 3 (SIGQUIT) received, shutting down
2024/12/19 14:03:54 [notice] 22#22: gracefully shutting down
2024/12/19 14:03:54 [notice] 22#22: exiting
2024/12/19 14:03:54 [notice] 23#23: gracefully shutting down
2024/12/19 14:03:54 [notice] 25#25: gracefully shutting down
2024/12/19 14:03:54 [notice] 24#24: gracefully shutting down
2024/12/19 14:03:54 [notice] 28#28: gracefully shutting down
2024/12/19 14:03:54 [notice] 26#26: gracefully shutting down
2024/12/19 14:03:54 [notice] 27#27: gracefully shutting down
2024/12/19 14:03:54 [notice] 29#29: gracefully shutting down
2024/12/19 14:03:54 [notice] 30#30: gracefully shutting down
2024/12/19 14:03:54 [notice] 30#30: exiting
2024/12/19 14:03:54 [notice] 31#31: gracefully shutting down
2024/12/19 14:03:54 [notice] 33#33: gracefully shutting down
2024/12/19 14:03:54 [notice] 32#32: gracefully shutting down
2024/12/19 14:03:54 [notice] 22#22: exit
2024/12/19 14:03:54 [notice] 23#23: exiting
2024/12/19 14:03:54 [notice] 25#25: exiting
2024/12/19 14:03:54 [notice] 24#24: exiting
2024/12/19 14:03:54 [notice] 28#28: exiting
2024/12/19 14:03:54 [notice] 26#26: exiting
2024/12/19 14:03:54 [notice] 27#27: exiting
2024/12/19 14:03:54 [notice] 29#29: exiting
2024/12/19 14:03:54 [notice] 30#30: exit
2024/12/19 14:03:54 [notice] 31#31: exiting
2024/12/19 14:03:54 [notice] 31#31: exit
2024/12/19 14:03:54 [notice] 33#33: exiting
2024/12/19 14:03:54 [notice] 32#32: exiting
2024/12/19 14:03:54 [notice] 23#23: exit
2024/12/19 14:03:54 [notice] 25#25: exit
2024/12/19 14:03:54 [notice] 24#24: exit
2024/12/19 14:03:54 [notice] 28#28: exit
2024/12/19 14:03:54 [notice] 26#26: exit
2024/12/19 14:03:54 [notice] 27#27: exit
2024/12/19 14:03:54 [notice] 29#29: exit
2024/12/19 14:03:54 [notice] 33#33: exit
2024/12/19 14:03:54 [notice] 32#32: exit
2024/12/19 14:03:54 [notice] 1#1: signal 17 (SIGCHLD) received from 27
2024/12/19 14:03:54 [notice] 1#1: worker process 24 exited with code 0
2024/12/19 14:03:54 [notice] 1#1: worker process 27 exited with code 0
2024/12/19 14:03:54 [notice] 1#1: worker process 31 exited with code 0
2024/12/19 14:03:54 [notice] 1#1: signal 29 (SIGIO) received
2024/12/19 14:03:54 [notice] 1#1: signal 17 (SIGCHLD) received from 24
2024/12/19 14:03:54 [notice] 1#1: signal 17 (SIGCHLD) received from 33
2024/12/19 14:03:54 [notice] 1#1: worker process 33 exited with code 0
2024/12/19 14:03:54 [notice] 1#1: signal 29 (SIGIO) received
2024/12/19 14:03:54 [notice] 1#1: signal 17 (SIGCHLD) received from 25
2024/12/19 14:03:54 [notice] 1#1: worker process 25 exited with code 0
2024/12/19 14:03:54 [notice] 1#1: worker process 26 exited with code 0
2024/12/19 14:03:54 [notice] 1#1: signal 29 (SIGIO) received
2024/12/19 14:03:54 [notice] 1#1: signal 17 (SIGCHLD) received from 30
2024/12/19 14:03:54 [notice] 1#1: worker process 23 exited with code 0
2024/12/19 14:03:54 [notice] 1#1: worker process 29 exited with code 0
2024/12/19 14:03:54 [notice] 1#1: worker process 30 exited with code 0
2024/12/19 14:03:54 [notice] 1#1: signal 29 (SIGIO) received
2024/12/19 14:03:54 [notice] 1#1: signal 17 (SIGCHLD) received from 32
2024/12/19 14:03:54 [notice] 1#1: worker process 28 exited with code 0
2024/12/19 14:03:54 [notice] 1#1: worker process 32 exited with code 0
2024/12/19 14:03:54 [notice] 1#1: signal 29 (SIGIO) received
2024/12/19 14:03:54 [notice] 1#1: signal 17 (SIGCHLD) received from 22
2024/12/19 14:03:54 [notice] 1#1: worker process 22 exited with code 0
2024/12/19 14:03:54 [notice] 1#1: exit
2024/12/19 14:05:08 [notice] 1#1: using the "epoll" event method
2024/12/19 14:05:08 [notice] 1#1: nginx/1.27.3
2024/12/19 14:05:08 [notice] 1#1: built by gcc 12.2.0 (Debian 12.2.0-14) 
2024/12/19 14:05:08 [notice] 1#1: OS: Linux 5.15.167.4-microsoft-standard-WSL2
2024/12/19 14:05:08 [notice] 1#1: getrlimit(RLIMIT_NOFILE): 1048576:1048576
2024/12/19 14:05:08 [notice] 1#1: start worker processes
2024/12/19 14:05:08 [notice] 1#1: start worker process 29
2024/12/19 14:05:08 [notice] 1#1: start worker process 30
2024/12/19 14:05:08 [notice] 1#1: start worker process 31
2024/12/19 14:05:08 [notice] 1#1: start worker process 32
2024/12/19 14:05:08 [notice] 1#1: start worker process 33
2024/12/19 14:05:08 [notice] 1#1: start worker process 34
2024/12/19 14:05:08 [notice] 1#1: start worker process 35
2024/12/19 14:05:08 [notice] 1#1: start worker process 36
2024/12/19 14:05:08 [notice] 1#1: start worker process 37
2024/12/19 14:05:08 [notice] 1#1: start worker process 38
2024/12/19 14:05:08 [notice] 1#1: start worker process 39
2024/12/19 14:05:08 [notice] 1#1: start worker process 40
2024/12/19 14:07:51 [notice] 1#1: signal 3 (SIGQUIT) received, shutting down
2024/12/19 14:07:51 [notice] 29#29: gracefully shutting down
2024/12/19 14:07:51 [notice] 30#30: gracefully shutting down
2024/12/19 14:07:51 [notice] 32#32: gracefully shutting down
2024/12/19 14:07:51 [notice] 31#31: gracefully shutting down
2024/12/19 14:07:51 [notice] 33#33: gracefully shutting down
2024/12/19 14:07:51 [notice] 34#34: gracefully shutting down
2024/12/19 14:07:51 [notice] 35#35: gracefully shutting down
2024/12/19 14:07:51 [notice] 36#36: gracefully shutting down
2024/12/19 14:07:51 [notice] 37#37: gracefully shutting down
2024/12/19 14:07:51 [notice] 38#38: gracefully shutting down
2024/12/19 14:07:51 [notice] 36#36: exiting
2024/12/19 14:07:51 [notice] 29#29: exiting
2024/12/19 14:07:51 [notice] 39#39: gracefully shutting down
2024/12/19 14:07:51 [notice] 40#40: gracefully shutting down
2024/12/19 14:07:51 [notice] 30#30: exiting
2024/12/19 14:07:51 [notice] 32#32: exiting
2024/12/19 14:07:51 [notice] 30#30: exit
2024/12/19 14:07:51 [notice] 31#31: exiting
2024/12/19 14:07:51 [notice] 33#33: exiting
2024/12/19 14:07:51 [notice] 34#34: exiting
2024/12/19 14:07:51 [notice] 35#35: exiting
2024/12/19 14:07:51 [notice] 37#37: exiting
2024/12/19 14:07:51 [notice] 38#38: exiting
2024/12/19 14:07:51 [notice] 36#36: exit
2024/12/19 14:07:51 [notice] 29#29: exit
2024/12/19 14:07:51 [notice] 39#39: exiting
2024/12/19 14:07:51 [notice] 32#32: exit
2024/12/19 14:07:51 [notice] 40#40: exiting
2024/12/19 14:07:51 [notice] 31#31: exit
2024/12/19 14:07:51 [notice] 33#33: exit
2024/12/19 14:07:51 [notice] 34#34: exit
2024/12/19 14:07:51 [notice] 35#35: exit
2024/12/19 14:07:51 [notice] 37#37: exit
2024/12/19 14:07:51 [notice] 38#38: exit
2024/12/19 14:07:51 [notice] 39#39: exit
2024/12/19 14:07:51 [notice] 40#40: exit
2024/12/19 14:07:51 [notice] 1#1: signal 17 (SIGCHLD) received from 36
2024/12/19 14:07:51 [notice] 1#1: worker process 33 exited with code 0
2024/12/19 14:07:51 [notice] 1#1: worker process 36 exited with code 0
2024/12/19 14:07:51 [notice] 1#1: signal 29 (SIGIO) received
2024/12/19 14:07:51 [notice] 1#1: signal 17 (SIGCHLD) received from 34
2024/12/19 14:07:51 [notice] 1#1: worker process 34 exited with code 0
2024/12/19 14:07:51 [notice] 1#1: signal 29 (SIGIO) received
2024/12/19 14:07:51 [notice] 1#1: signal 17 (SIGCHLD) received from 40
2024/12/19 14:07:51 [notice] 1#1: worker process 29 exited with code 0
2024/12/19 14:07:51 [notice] 1#1: worker process 30 exited with code 0
2024/12/19 14:07:51 [notice] 1#1: worker process 31 exited with code 0
2024/12/19 14:07:51 [notice] 1#1: worker process 32 exited with code 0
2024/12/19 14:07:51 [notice] 1#1: worker process 35 exited with code 0
2024/12/19 14:07:51 [notice] 1#1: worker process 40 exited with code 0
2024/12/19 14:07:51 [notice] 1#1: signal 29 (SIGIO) received
2024/12/19 14:07:51 [notice] 1#1: signal 17 (SIGCHLD) received from 30
2024/12/19 14:07:51 [notice] 1#1: signal 17 (SIGCHLD) received from 39
2024/12/19 14:07:51 [notice] 1#1: worker process 38 exited with code 0
2024/12/19 14:07:51 [notice] 1#1: worker process 39 exited with code 0
2024/12/19 14:07:51 [notice] 1#1: signal 29 (SIGIO) received
2024/12/19 14:07:51 [notice] 1#1: signal 17 (SIGCHLD) received from 37
2024/12/19 14:07:51 [notice] 1#1: worker process 37 exited with code 0
2024/12/19 14:07:51 [notice] 1#1: exit
2024/12/19 14:08:38 [notice] 1#1: using the "epoll" event method
2024/12/19 14:08:38 [notice] 1#1: nginx/1.27.3
2024/12/19 14:08:38 [notice] 1#1: built by gcc 12.2.0 (Debian 12.2.0-14) 
2024/12/19 14:08:38 [notice] 1#1: OS: Linux 5.15.167.4-microsoft-standard-WSL2
2024/12/19 14:08:38 [notice] 1#1: getrlimit(RLIMIT_NOFILE): 1048576:1048576
2024/12/19 14:08:38 [notice] 1#1: start worker processes
2024/12/19 14:08:38 [notice] 1#1: start worker process 29
2024/12/19 14:08:38 [notice] 1#1: start worker process 30
2024/12/19 14:08:38 [notice] 1#1: start worker process 31
2024/12/19 14:08:38 [notice] 1#1: start worker process 32
2024/12/19 14:08:38 [notice] 1#1: start worker process 33
2024/12/19 14:08:38 [notice] 1#1: start worker process 34
2024/12/19 14:08:38 [notice] 1#1: start worker process 35
2024/12/19 14:08:38 [notice] 1#1: start worker process 36
2024/12/19 14:08:38 [notice] 1#1: start worker process 37
2024/12/19 14:08:38 [notice] 1#1: start worker process 38
2024/12/19 14:08:38 [notice] 1#1: start worker process 39
2024/12/19 14:08:38 [notice] 1#1: start worker process 40
2024/12/19 14:13:43 [notice] 1#1: signal 3 (SIGQUIT) received, shutting down
2024/12/19 14:13:43 [notice] 29#29: gracefully shutting down
2024/12/19 14:13:43 [notice] 39#39: gracefully shutting down
2024/12/19 14:13:43 [notice] 31#31: gracefully shutting down
2024/12/19 14:13:43 [notice] 30#30: gracefully shutting down
2024/12/19 14:13:43 [notice] 36#36: gracefully shutting down
2024/12/19 14:13:43 [notice] 37#37: gracefully shutting down
2024/12/19 14:13:43 [notice] 38#38: gracefully shutting down
2024/12/19 14:13:43 [notice] 32#32: gracefully shutting down
2024/12/19 14:13:43 [notice] 33#33: gracefully shutting down
2024/12/19 14:13:43 [notice] 34#34: gracefully shutting down
2024/12/19 14:13:43 [notice] 35#35: gracefully shutting down
2024/12/19 14:13:43 [notice] 40#40: gracefully shutting down
2024/12/19 14:13:43 [notice] 29#29: exiting
2024/12/19 14:13:43 [notice] 39#39: exiting
2024/12/19 14:13:43 [notice] 31#31: exiting
2024/12/19 14:13:43 [notice] 30#30: exiting
2024/12/19 14:13:43 [notice] 36#36: exiting
2024/12/19 14:13:43 [notice] 37#37: exiting
2024/12/19 14:13:43 [notice] 38#38: exiting
2024/12/19 14:13:43 [notice] 33#33: exiting
2024/12/19 14:13:43 [notice] 32#32: exiting
2024/12/19 14:13:43 [notice] 34#34: exiting
2024/12/19 14:13:43 [notice] 35#35: exiting
2024/12/19 14:13:43 [notice] 40#40: exiting
2024/12/19 14:13:43 [notice] 29#29: exit
2024/12/19 14:13:43 [notice] 39#39: exit
2024/12/19 14:13:43 [notice] 31#31: exit
2024/12/19 14:13:43 [notice] 30#30: exit
2024/12/19 14:13:43 [notice] 36#36: exit
2024/12/19 14:13:43 [notice] 37#37: exit
2024/12/19 14:13:43 [notice] 38#38: exit
2024/12/19 14:13:43 [notice] 33#33: exit
2024/12/19 14:13:43 [notice] 32#32: exit
2024/12/19 14:13:43 [notice] 34#34: exit
2024/12/19 14:13:43 [notice] 35#35: exit
2024/12/19 14:13:43 [notice] 40#40: exit
2024/12/19 14:13:43 [notice] 1#1: signal 17 (SIGCHLD) received from 38
2024/12/19 14:13:43 [notice] 1#1: worker process 30 exited with code 0
2024/12/19 14:13:43 [notice] 1#1: worker process 31 exited with code 0
2024/12/19 14:13:43 [notice] 1#1: worker process 33 exited with code 0
2024/12/19 14:13:43 [notice] 1#1: worker process 34 exited with code 0
2024/12/19 14:13:43 [notice] 1#1: worker process 36 exited with code 0
2024/12/19 14:13:43 [notice] 1#1: worker process 38 exited with code 0
2024/12/19 14:13:43 [notice] 1#1: worker process 39 exited with code 0
2024/12/19 14:13:43 [notice] 1#1: worker process 40 exited with code 0
2024/12/19 14:13:43 [notice] 1#1: signal 29 (SIGIO) received
2024/12/19 14:13:43 [notice] 1#1: signal 17 (SIGCHLD) received from 36
2024/12/19 14:13:43 [notice] 1#1: signal 17 (SIGCHLD) received from 35
2024/12/19 14:13:43 [notice] 1#1: worker process 29 exited with code 0
2024/12/19 14:13:43 [notice] 1#1: worker process 32 exited with code 0
2024/12/19 14:13:43 [notice] 1#1: worker process 35 exited with code 0
2024/12/19 14:13:43 [notice] 1#1: worker process 37 exited with code 0
2024/12/19 14:13:43 [notice] 1#1: exit
2024/12/19 14:26:03 [notice] 1#1: using the "epoll" event method
2024/12/19 14:26:03 [notice] 1#1: nginx/1.27.3
2024/12/19 14:26:03 [notice] 1#1: built by gcc 12.2.0 (Debian 12.2.0-14) 
2024/12/19 14:26:03 [notice] 1#1: OS: Linux 5.15.167.4-microsoft-standard-WSL2
2024/12/19 14:26:03 [notice] 1#1: getrlimit(RLIMIT_NOFILE): 1048576:1048576
2024/12/19 14:26:03 [notice] 1#1: start worker processes
2024/12/19 14:26:03 [notice] 1#1: start worker process 29
2024/12/19 14:26:03 [notice] 1#1: start worker process 30
2024/12/19 14:26:03 [notice] 1#1: start worker process 31
2024/12/19 14:26:03 [notice] 1#1: start worker process 32
2024/12/19 14:26:03 [notice] 1#1: start worker process 33
2024/12/19 14:26:03 [notice] 1#1: start worker process 34
2024/12/19 14:26:03 [notice] 1#1: start worker process 35
2024/12/19 14:26:03 [notice] 1#1: start worker process 36
2024/12/19 14:26:03 [notice] 1#1: start worker process 37
2024/12/19 14:26:03 [notice] 1#1: start worker process 38
2024/12/19 14:26:03 [notice] 1#1: start worker process 39
2024/12/19 14:26:03 [notice] 1#1: start worker process 40
2024/12/19 14:28:12 [notice] 1#1: signal 3 (SIGQUIT) received, shutting down
2024/12/19 14:28:12 [notice] 29#29: gracefully shutting down
2024/12/19 14:28:12 [notice] 30#30: gracefully shutting down
2024/12/19 14:28:12 [notice] 33#33: gracefully shutting down
2024/12/19 14:28:12 [notice] 32#32: gracefully shutting down
2024/12/19 14:28:12 [notice] 31#31: gracefully shutting down
2024/12/19 14:28:12 [notice] 34#34: gracefully shutting down
2024/12/19 14:28:12 [notice] 35#35: gracefully shutting down
2024/12/19 14:28:12 [notice] 37#37: gracefully shutting down
2024/12/19 14:28:12 [notice] 36#36: gracefully shutting down
2024/12/19 14:28:12 [notice] 38#38: gracefully shutting down
2024/12/19 14:28:12 [notice] 39#39: gracefully shutting down
2024/12/19 14:28:12 [notice] 40#40: gracefully shutting down
2024/12/19 14:28:12 [notice] 29#29: exiting
2024/12/19 14:28:12 [notice] 30#30: exiting
2024/12/19 14:28:12 [notice] 33#33: exiting
2024/12/19 14:28:12 [notice] 32#32: exiting
2024/12/19 14:28:12 [notice] 31#31: exiting
2024/12/19 14:28:12 [notice] 34#34: exiting
2024/12/19 14:28:12 [notice] 35#35: exiting
2024/12/19 14:28:12 [notice] 37#37: exiting
2024/12/19 14:28:12 [notice] 36#36: exiting
2024/12/19 14:28:12 [notice] 38#38: exiting
2024/12/19 14:28:12 [notice] 39#39: exiting
2024/12/19 14:28:12 [notice] 40#40: exiting
2024/12/19 14:28:12 [notice] 29#29: exit
2024/12/19 14:28:12 [notice] 30#30: exit
2024/12/19 14:28:12 [notice] 33#33: exit
2024/12/19 14:28:12 [notice] 32#32: exit
2024/12/19 14:28:12 [notice] 31#31: exit
2024/12/19 14:28:12 [notice] 34#34: exit
2024/12/19 14:28:12 [notice] 35#35: exit
2024/12/19 14:28:12 [notice] 37#37: exit
2024/12/19 14:28:12 [notice] 36#36: exit
2024/12/19 14:28:12 [notice] 38#38: exit
2024/12/19 14:28:12 [notice] 39#39: exit
2024/12/19 14:28:12 [notice] 40#40: exit
2024/12/19 14:28:12 [notice] 1#1: signal 17 (SIGCHLD) received from 34
2024/12/19 14:28:12 [notice] 1#1: worker process 29 exited with code 0
2024/12/19 14:28:12 [notice] 1#1: worker process 30 exited with code 0
2024/12/19 14:28:12 [notice] 1#1: worker process 31 exited with code 0
2024/12/19 14:28:12 [notice] 1#1: worker process 32 exited with code 0
2024/12/19 14:28:12 [notice] 1#1: worker process 34 exited with code 0
2024/12/19 14:28:12 [notice] 1#1: worker process 35 exited with code 0
2024/12/19 14:28:12 [notice] 1#1: worker process 36 exited with code 0
2024/12/19 14:28:12 [notice] 1#1: worker process 38 exited with code 0
2024/12/19 14:28:12 [notice] 1#1: worker process 40 exited with code 0
2024/12/19 14:28:12 [notice] 1#1: signal 29 (SIGIO) received
2024/12/19 14:28:12 [notice] 1#1: signal 17 (SIGCHLD) received from 30
2024/12/19 14:28:12 [notice] 1#1: signal 17 (SIGCHLD) received from 37
2024/12/19 14:28:12 [notice] 1#1: worker process 33 exited with code 0
2024/12/19 14:28:12 [notice] 1#1: worker process 37 exited with code 0
2024/12/19 14:28:12 [notice] 1#1: worker process 39 exited with code 0
2024/12/19 14:28:12 [notice] 1#1: exit
2024/12/19 14:28:40 [notice] 1#1: using the "epoll" event method
2024/12/19 14:28:40 [notice] 1#1: nginx/1.27.3
2024/12/19 14:28:40 [notice] 1#1: built by gcc 12.2.0 (Debian 12.2.0-14) 
2024/12/19 14:28:40 [notice] 1#1: OS: Linux 5.15.167.4-microsoft-standard-WSL2
2024/12/19 14:28:40 [notice] 1#1: getrlimit(RLIMIT_NOFILE): 1048576:1048576
2024/12/19 14:28:40 [notice] 1#1: start worker processes
2024/12/19 14:28:40 [notice] 1#1: start worker process 29
2024/12/19 14:28:40 [notice] 1#1: start worker process 30
2024/12/19 14:28:40 [notice] 1#1: start worker process 31
2024/12/19 14:28:40 [notice] 1#1: start worker process 32
2024/12/19 14:28:40 [notice] 1#1: start worker process 33
2024/12/19 14:28:40 [notice] 1#1: start worker process 34
2024/12/19 14:28:40 [notice] 1#1: start worker process 35
2024/12/19 14:28:40 [notice] 1#1: start worker process 36
2024/12/19 14:28:40 [notice] 1#1: start worker process 37
2024/12/19 14:28:40 [notice] 1#1: start worker process 38
2024/12/19 14:28:40 [notice] 1#1: start worker process 39
2024/12/19 14:28:40 [notice] 1#1: start worker process 40
2024/12/19 14:31:30 [notice] 1#1: signal 3 (SIGQUIT) received, shutting down
2024/12/19 14:31:30 [notice] 29#29: gracefully shutting down
2024/12/19 14:31:30 [notice] 40#40: gracefully shutting down
2024/12/19 14:31:30 [notice] 36#36: gracefully shutting down
2024/12/19 14:31:30 [notice] 34#34: gracefully shutting down
2024/12/19 14:31:30 [notice] 36#36: exiting
2024/12/19 14:31:30 [notice] 38#38: gracefully shutting down
2024/12/19 14:31:30 [notice] 35#35: gracefully shutting down
2024/12/19 14:31:30 [notice] 31#31: gracefully shutting down
2024/12/19 14:31:30 [notice] 32#32: gracefully shutting down
2024/12/19 14:31:30 [notice] 39#39: gracefully shutting down
2024/12/19 14:31:30 [notice] 30#30: gracefully shutting down
2024/12/19 14:31:30 [notice] 37#37: gracefully shutting down
2024/12/19 14:31:30 [notice] 33#33: gracefully shutting down
2024/12/19 14:31:30 [notice] 29#29: exiting
2024/12/19 14:31:30 [notice] 40#40: exiting
2024/12/19 14:31:30 [notice] 34#34: exiting
2024/12/19 14:31:30 [notice] 36#36: exit
2024/12/19 14:31:30 [notice] 38#38: exiting
2024/12/19 14:31:30 [notice] 35#35: exiting
2024/12/19 14:31:30 [notice] 31#31: exiting
2024/12/19 14:31:30 [notice] 32#32: exiting
2024/12/19 14:31:30 [notice] 39#39: exiting
2024/12/19 14:31:30 [notice] 30#30: exiting
2024/12/19 14:31:30 [notice] 39#39: exit
2024/12/19 14:31:30 [notice] 37#37: exiting
2024/12/19 14:31:30 [notice] 33#33: exiting
2024/12/19 14:31:30 [notice] 29#29: exit
2024/12/19 14:31:30 [notice] 40#40: exit
2024/12/19 14:31:30 [notice] 34#34: exit
2024/12/19 14:31:30 [notice] 38#38: exit
2024/12/19 14:31:30 [notice] 35#35: exit
2024/12/19 14:31:30 [notice] 31#31: exit
2024/12/19 14:31:30 [notice] 32#32: exit
2024/12/19 14:31:30 [notice] 30#30: exit
2024/12/19 14:31:30 [notice] 37#37: exit
2024/12/19 14:31:30 [notice] 33#33: exit
2024/12/19 14:31:30 [notice] 1#1: signal 17 (SIGCHLD) received from 40
2024/12/19 14:31:30 [notice] 1#1: worker process 34 exited with code 0
2024/12/19 14:31:30 [notice] 1#1: worker process 40 exited with code 0
2024/12/19 14:31:30 [notice] 1#1: signal 29 (SIGIO) received
2024/12/19 14:31:30 [notice] 1#1: signal 17 (SIGCHLD) received from 38
2024/12/19 14:31:30 [notice] 1#1: worker process 29 exited with code 0
2024/12/19 14:31:30 [notice] 1#1: worker process 31 exited with code 0
2024/12/19 14:31:30 [notice] 1#1: worker process 35 exited with code 0
2024/12/19 14:31:30 [notice] 1#1: worker process 38 exited with code 0
2024/12/19 14:31:30 [notice] 1#1: worker process 39 exited with code 0
2024/12/19 14:31:30 [notice] 1#1: signal 29 (SIGIO) received
2024/12/19 14:31:30 [notice] 1#1: signal 17 (SIGCHLD) received from 29
2024/12/19 14:31:30 [notice] 1#1: signal 17 (SIGCHLD) received from 32
2024/12/19 14:31:30 [notice] 1#1: worker process 30 exited with code 0
2024/12/19 14:31:30 [notice] 1#1: worker process 32 exited with code 0
2024/12/19 14:31:30 [notice] 1#1: worker process 37 exited with code 0
2024/12/19 14:31:30 [notice] 1#1: signal 29 (SIGIO) received
2024/12/19 14:31:30 [notice] 1#1: signal 17 (SIGCHLD) received from 30
2024/12/19 14:31:30 [notice] 1#1: signal 17 (SIGCHLD) received from 36
2024/12/19 14:31:30 [notice] 1#1: worker process 36 exited with code 0
2024/12/19 14:31:30 [notice] 1#1: signal 29 (SIGIO) received
2024/12/19 14:31:30 [notice] 1#1: signal 17 (SIGCHLD) received from 33
2024/12/19 14:31:30 [notice] 1#1: worker process 33 exited with code 0
2024/12/19 14:31:30 [notice] 1#1: exit
